Log file open, 09/30/16 13:53:32
LogInit:Display: Running engine for game: AttachBugScene
LogPlatformFile: Not using cached read wrapper
LogInit:Display: RandInit(-354324426) SRandInit(-354324425).
LogTaskGraph: Started task graph with 5 named threads and 10 total threads with 1 sets of task threads.
LogStats: Stats thread started at 0.092763
LogPluginManager: Loaded Plugin Paper2D, From D:/Program Files/Epic Games/4.13/Engine/Plugins/2D/Paper2D/Paper2D.uplugin
LogPluginManager: Loaded Plugin LightPropagationVolume, From D:/Program Files/Epic Games/4.13/Engine/Plugins/Blendables/LightPropagationVolume/LightPropagationVolume.uplugin
LogPluginManager: Loaded Plugin BlankPlugin, From D:/Program Files/Epic Games/4.13/Engine/Plugins/Developer/BlankPlugin/BlankPlugin.uplugin
LogPluginManager: Loaded Plugin CodeLiteSourceCodeAccess, From D:/Program Files/Epic Games/4.13/Engine/Plugins/Developer/CodeLiteSourceCodeAccess/CodeLiteSourceCodeAccess.uplugin
LogPluginManager: Loaded Plugin GitSourceControl, From D:/Program Files/Epic Games/4.13/Engine/Plugins/Developer/GitSourceControl/GitSourceControl.uplugin
LogPluginManager: Loaded Plugin KDevelopSourceCodeAccess, From D:/Program Files/Epic Games/4.13/Engine/Plugins/Developer/KDevelopSourceCodeAccess/KDevelopSourceCodeAccess.uplugin
LogPluginManager: Loaded Plugin NullSourceCodeAccess, From D:/Program Files/Epic Games/4.13/Engine/Plugins/Developer/NullSourceCodeAccess/NullSourceCodeAccess.uplugin
LogPluginManager: Loaded Plugin OneSkyLocalizationService, From D:/Program Files/Epic Games/4.13/Engine/Plugins/Developer/OneSkyLocalizationService/OneSkyLocalizationService.uplugin
LogPluginManager: Loaded Plugin PerforceSourceControl, From D:/Program Files/Epic Games/4.13/Engine/Plugins/Developer/PerforceSourceControl/PerforceSourceControl.uplugin
LogPluginManager: Loaded Plugin SubversionSourceControl, From D:/Program Files/Epic Games/4.13/Engine/Plugins/Developer/SubversionSourceControl/SubversionSourceControl.uplugin
LogPluginManager: Loaded Plugin UObjectPlugin, From D:/Program Files/Epic Games/4.13/Engine/Plugins/Developer/UObjectPlugin/UObjectPlugin.uplugin
LogPluginManager: Loaded Plugin VisualStudioSourceCodeAccess, From D:/Program Files/Epic Games/4.13/Engine/Plugins/Developer/VisualStudioSourceCodeAccess/VisualStudioSourceCodeAccess.uplugin
LogPluginManager: Loaded Plugin XCodeSourceCodeAccess, From D:/Program Files/Epic Games/4.13/Engine/Plugins/Developer/XCodeSourceCodeAccess/XCodeSourceCodeAccess.uplugin
LogPluginManager: Loaded Plugin EpicSurvey, From D:/Program Files/Epic Games/4.13/Engine/Plugins/Editor/EpicSurvey/EpicSurvey.uplugin
LogPluginManager: Loaded Plugin MacGraphicsSwitching, From D:/Program Files/Epic Games/4.13/Engine/Plugins/Editor/MacGraphicsSwitching/MacGraphicsSwitching.uplugin
LogPluginManager: Loaded Plugin MobileLauncherProfileWizard, From D:/Program Files/Epic Games/4.13/Engine/Plugins/Editor/MobileLauncherProfileWizard/MobileLauncherProfileWizard.uplugin
LogPluginManager: Loaded Plugin PluginBrowser, From D:/Program Files/Epic Games/4.13/Engine/Plugins/Editor/PluginBrowser/PluginBrowser.uplugin
LogPluginManager: Loaded Plugin SpeedTreeImporter, From D:/Program Files/Epic Games/4.13/Engine/Plugins/Editor/SpeedTreeImporter/SpeedTreeImporter.uplugin
LogPluginManager: Loaded Plugin SuperSearchEditor, From D:/Program Files/Epic Games/4.13/Engine/Plugins/Editor/SuperSearchEditor/SuperSearchEditor.uplugin
LogPluginManager: Loaded Plugin AlembicImporter, From D:/Program Files/Epic Games/4.13/Engine/Plugins/Experimental/AlembicImporter/AlembicImporter.uplugin
LogPluginManager: Loaded Plugin BlueprintStats, From D:/Program Files/Epic Games/4.13/Engine/Plugins/Experimental/BlueprintStats/BlueprintStats.uplugin
LogPluginManager: Loaded Plugin CharacterAI, From D:/Program Files/Epic Games/4.13/Engine/Plugins/Experimental/CharacterAI/CharacterAI.uplugin
LogPluginManager: Loaded Plugin CodeEditor, From D:/Program Files/Epic Games/4.13/Engine/Plugins/Experimental/CodeEditor/CodeEditor.uplugin
LogPluginManager: Loaded Plugin CodeView, From D:/Program Files/Epic Games/4.13/Engine/Plugins/Experimental/CodeView/CodeView.uplugin
LogPluginManager: Loaded Plugin HTML5Networking, From D:/Program Files/Epic Games/4.13/Engine/Plugins/Experimental/HTML5Networking/HTML5Networking.uplugin
LogPluginManager: Loaded Plugin LiveEditor, From D:/Program Files/Epic Games/4.13/Engine/Plugins/Experimental/LiveEditor/LiveEditor.uplugin
LogPluginManager: Loaded Plugin OSVR, From D:/Program Files/Epic Games/4.13/Engine/Plugins/Experimental/OSVR/OSVR.uplugin
LogPluginManager: Loaded Plugin Phya, From D:/Program Files/Epic Games/4.13/Engine/Plugins/Experimental/Phya/Phya.uplugin
LogPluginManager: Loaded Plugin SignificanceManager, From D:/Program Files/Epic Games/4.13/Engine/Plugins/Experimental/SignificanceManager/SignificanceManager.uplugin
LogPluginManager: Loaded Plugin SimpleHMD, From D:/Program Files/Epic Games/4.13/Engine/Plugins/Experimental/SimpleHMD/SimpleHMD.uplugin
LogPluginManager: Loaded Plugin StereoPanorama, From D:/Program Files/Epic Games/4.13/Engine/Plugins/Experimental/StereoPanorama/StereoPanorama.uplugin
LogPluginManager: Loaded Plugin StructBox, From D:/Program Files/Epic Games/4.13/Engine/Plugins/Experimental/StructBox/StructBox.uplugin
LogPluginManager: Loaded Plugin AndroidMedia, From D:/Program Files/Epic Games/4.13/Engine/Plugins/Media/AndroidMedia/AndroidMedia.uplugin
LogPluginManager: Loaded Plugin AvfMedia, From D:/Program Files/Epic Games/4.13/Engine/Plugins/Media/AvfMedia/AvfMedia.uplugin
LogPluginManager: Loaded Plugin MediaPlayerEditor, From D:/Program Files/Epic Games/4.13/Engine/Plugins/Media/MediaPlayerEditor/MediaPlayerEditor.uplugin
LogPluginManager: Loaded Plugin WmfMedia, From D:/Program Files/Epic Games/4.13/Engine/Plugins/Media/WmfMedia/WmfMedia.uplugin
LogPluginManager: Loaded Plugin MessagingDebugger, From D:/Program Files/Epic Games/4.13/Engine/Plugins/Messaging/MessagingDebugger/MessagingDebugger.uplugin
LogPluginManager: Loaded Plugin TcpMessaging, From D:/Program Files/Epic Games/4.13/Engine/Plugins/Messaging/TcpMessaging/TcpMessaging.uplugin
LogPluginManager: Loaded Plugin UdpMessaging, From D:/Program Files/Epic Games/4.13/Engine/Plugins/Messaging/UdpMessaging/UdpMessaging.uplugin
LogPluginManager: Loaded Plugin LevelSequenceEditor, From D:/Program Files/Epic Games/4.13/Engine/Plugins/MovieScene/LevelSequenceEditor/LevelSequenceEditor.uplugin
LogPluginManager: Loaded Plugin MatineeToLevelSequence, From D:/Program Files/Epic Games/4.13/Engine/Plugins/MovieScene/MatineeToLevelSequence/MatineeToLevelSequence.uplugin
LogPluginManager: Loaded Plugin NetcodeUnitTest, From D:/Program Files/Epic Games/4.13/Engine/Plugins/NetcodeUnitTest/NetcodeUnitTest/NetcodeUnitTest.uplugin
LogPluginManager: Loaded Plugin NUTUnrealEngine4, From D:/Program Files/Epic Games/4.13/Engine/Plugins/NetcodeUnitTest/NUTUnrealEngine4/NUTUnrealEngine4.uplugin
LogPluginManager: Loaded Plugin OnlineSubsystemGooglePlay, From D:/Program Files/Epic Games/4.13/Engine/Plugins/Online/Android/OnlineSubsystemGooglePlay/OnlineSubsystemGooglePlay.uplugin
LogPluginManager: Loaded Plugin OnlineSubsystemIOS, From D:/Program Files/Epic Games/4.13/Engine/Plugins/Online/IOS/OnlineSubsystemIOS/OnlineSubsystemIOS.uplugin
LogPluginManager: Loaded Plugin OnlineFramework, From D:/Program Files/Epic Games/4.13/Engine/Plugins/Online/OnlineFramework/OnlineFramework.uplugin
LogPluginManager: Loaded Plugin OnlineSubsystem, From D:/Program Files/Epic Games/4.13/Engine/Plugins/Online/OnlineSubsystem/OnlineSubsystem.uplugin
LogPluginManager: Loaded Plugin OnlineSubsystemAmazon, From D:/Program Files/Epic Games/4.13/Engine/Plugins/Online/OnlineSubsystemAmazon/OnlineSubsystemAmazon.uplugin
LogPluginManager: Loaded Plugin OnlineSubsystemFacebook, From D:/Program Files/Epic Games/4.13/Engine/Plugins/Online/OnlineSubsystemFacebook/OnlineSubsystemFacebook.uplugin
LogPluginManager: Loaded Plugin OnlineSubsystemNull, From D:/Program Files/Epic Games/4.13/Engine/Plugins/Online/OnlineSubsystemNull/OnlineSubsystemNull.uplugin
LogPluginManager: Loaded Plugin OnlineSubsystemOculus, From D:/Program Files/Epic Games/4.13/Engine/Plugins/Online/OnlineSubsystemOculus/OnlineSubsystemOculus.uplugin
LogPluginManager: Loaded Plugin OnlineSubsystemSteam, From D:/Program Files/Epic Games/4.13/Engine/Plugins/Online/OnlineSubsystemSteam/OnlineSubsystemSteam.uplugin
LogPluginManager: Loaded Plugin OnlineSubsystemUtils, From D:/Program Files/Epic Games/4.13/Engine/Plugins/Online/OnlineSubsystemUtils/OnlineSubsystemUtils.uplugin
LogPluginManager: Loaded Plugin IOSTapJoy, From D:/Program Files/Epic Games/4.13/Engine/Plugins/Runtime/Advertising/IOSTapJoy/IOSTapJoy.uplugin
LogPluginManager: Loaded Plugin AnalyticsBlueprintLibrary, From D:/Program Files/Epic Games/4.13/Engine/Plugins/Runtime/Analytics/AnalyticsBlueprintLibrary/AnalyticsBlueprintLibrary.uplugin
LogPluginManager: Loaded Plugin AnalyticsMulticast, From D:/Program Files/Epic Games/4.13/Engine/Plugins/Runtime/Analytics/AnalyticsMulticast/AnalyticsMulticast.uplugin
LogPluginManager: Loaded Plugin Apsalar, From D:/Program Files/Epic Games/4.13/Engine/Plugins/Runtime/Analytics/Apsalar/Apsalar.uplugin
LogPluginManager: Loaded Plugin FileLogging, From D:/Program Files/Epic Games/4.13/Engine/Plugins/Runtime/Analytics/FileLogging/FileLogging.uplugin
LogPluginManager: Loaded Plugin Flurry, From D:/Program Files/Epic Games/4.13/Engine/Plugins/Runtime/Analytics/Flurry/Flurry.uplugin
LogPluginManager: Loaded Plugin AndroidDeviceProfileSelector, From D:/Program Files/Epic Games/4.13/Engine/Plugins/Runtime/AndroidDeviceProfileSelector/AndroidDeviceProfileSelector.uplugin
LogPluginManager: Loaded Plugin AndroidMoviePlayer, From D:/Program Files/Epic Games/4.13/Engine/Plugins/Runtime/AndroidMoviePlayer/AndroidMoviePlayer.uplugin
LogPluginManager: Loaded Plugin AppleMoviePlayer, From D:/Program Files/Epic Games/4.13/Engine/Plugins/Runtime/AppleMoviePlayer/AppleMoviePlayer.uplugin
LogPluginManager: Loaded Plugin ArchVisCharacter, From D:/Program Files/Epic Games/4.13/Engine/Plugins/Runtime/ArchVisCharacter/ArchVisCharacter.uplugin
LogPluginManager: Loaded Plugin CableComponent, From D:/Program Files/Epic Games/4.13/Engine/Plugins/Runtime/CableComponent/CableComponent.uplugin
LogPluginManager: Loaded Plugin CustomMeshComponent, From D:/Program Files/Epic Games/4.13/Engine/Plugins/Runtime/CustomMeshComponent/CustomMeshComponent.uplugin
LogPluginManager: Loaded Plugin ExampleDeviceProfileSelector, From D:/Program Files/Epic Games/4.13/Engine/Plugins/Runtime/ExampleDeviceProfileSelector/ExampleDeviceProfileSelector.uplugin
LogPluginManager: Loaded Plugin GearVR, From D:/Program Files/Epic Games/4.13/Engine/Plugins/Runtime/GearVR/GearVR.uplugin
LogPluginManager: Loaded Plugin GoogleVRController, From D:/Program Files/Epic Games/4.13/Engine/Plugins/Runtime/GoogleVR/GoogleVRController/GoogleVRController.uplugin
LogPluginManager: Loaded Plugin GoogleVRHMD, From D:/Program Files/Epic Games/4.13/Engine/Plugins/Runtime/GoogleVR/GoogleVRHMD/GoogleVRHMD.uplugin
LogPluginManager: Loaded Plugin IOSDeviceProfileSelector, From D:/Program Files/Epic Games/4.13/Engine/Plugins/Runtime/IOSDeviceProfileSelector/IOSDeviceProfileSelector.uplugin
LogPluginManager: Loaded Plugin LeapMotion, From D:/Program Files/Epic Games/4.13/Engine/Plugins/Runtime/LeapMotion/LeapMotion.uplugin
LogPluginManager: Loaded Plugin LinuxDeviceProfileSelector, From D:/Program Files/Epic Games/4.13/Engine/Plugins/Runtime/LinuxDeviceProfileSelector/LinuxDeviceProfileSelector.uplugin
LogPluginManager: Loaded Plugin LiveEditorListenServer, From D:/Program Files/Epic Games/4.13/Engine/Plugins/Runtime/LiveEditorListenServer/LiveEditorListenServer.uplugin
LogPluginManager: Loaded Plugin OculusAudio, From D:/Program Files/Epic Games/4.13/Engine/Plugins/Runtime/OculusAudio/OculusAudio.uplugin
LogPluginManager: Loaded Plugin OculusInput, From D:/Program Files/Epic Games/4.13/Engine/Plugins/Runtime/OculusInput/OculusInput.uplugin
LogPluginManager: Loaded Plugin OculusLibrary, From D:/Program Files/Epic Games/4.13/Engine/Plugins/Runtime/OculusLibrary/OculusLibrary.uplugin
LogPluginManager: Loaded Plugin OculusRift, From D:/Program Files/Epic Games/4.13/Engine/Plugins/Runtime/OculusRift/OculusRift.uplugin
LogPluginManager: Loaded Plugin Oodle, From D:/Program Files/Epic Games/4.13/Engine/Plugins/Runtime/PacketHandlers/CompressionComponents/Oodle/Oodle.uplugin
LogPluginManager: Loaded Plugin ProceduralMeshComponent, From D:/Program Files/Epic Games/4.13/Engine/Plugins/Runtime/ProceduralMeshComponent/ProceduralMeshComponent.uplugin
LogPluginManager: Loaded Plugin SoundMod, From D:/Program Files/Epic Games/4.13/Engine/Plugins/Runtime/SoundMod/SoundMod.uplugin
LogPluginManager: Loaded Plugin SoundVisualizations, From D:/Program Files/Epic Games/4.13/Engine/Plugins/Runtime/SoundVisualizations/SoundVisualizations.uplugin
LogPluginManager: Loaded Plugin SteamController, From D:/Program Files/Epic Games/4.13/Engine/Plugins/Runtime/Steam/SteamController/SteamController.uplugin
LogPluginManager: Loaded Plugin SteamVR, From D:/Program Files/Epic Games/4.13/Engine/Plugins/Runtime/Steam/SteamVR/SteamVR.uplugin
LogPluginManager: Loaded Plugin WebBrowserWidget, From D:/Program Files/Epic Games/4.13/Engine/Plugins/Runtime/WebBrowserWidget/WebBrowserWidget.uplugin
LogPluginManager: Loaded Plugin WindowsDeviceProfileSelector, From D:/Program Files/Epic Games/4.13/Engine/Plugins/Runtime/WindowsDeviceProfileSelector/WindowsDeviceProfileSelector.uplugin
LogPluginManager: Loaded Plugin WindowsMoviePlayer, From D:/Program Files/Epic Games/4.13/Engine/Plugins/Runtime/WindowsMoviePlayer/WindowsMoviePlayer.uplugin
LogPluginManager: Loaded Plugin ScriptPlugin, From D:/Program Files/Epic Games/4.13/Engine/Plugins/ScriptPlugin/ScriptPlugin.uplugin
LogPluginManager: Loaded Plugin SlateRemote, From D:/Program Files/Epic Games/4.13/Engine/Plugins/Slate/SlateRemote/SlateRemote.uplugin
LogInit: Using libcurl 7.47.1
LogInit:  - built for x86_64-pc-win32
LogInit:  - supports SSL with WinSSL
LogInit:  - other features:
LogInit:      CURL_VERSION_SSL
LogInit:      CURL_VERSION_IPV6
LogInit:      CURL_VERSION_ASYNCHDNS
LogInit:      CURL_VERSION_LARGEFILE
LogInit:      CURL_VERSION_IDN
LogInit:  CurlRequestOptions (configurable via config and command line):
LogInit:  - bVerifyPeer = false  - Libcurl will NOT verify peer certificate
LogInit:  - bUseHttpProxy = false  - Libcurl will NOT use HTTP proxy
LogInit:  - bDontReuseConnections = false  - Libcurl will reuse connections
LogInit:  - CertBundlePath = nullptr  - Libcurl will use whatever was configured at build time.
LogInit: Build: ++UE4+Release-4.13-CL-3142249
LogInit: Engine Version: 4.13.1-3142249+++UE4+Release-4.13
LogInit: Compatible Engine Version: 4.13.0-3106830+++UE4+Release-4.13
LogInit: Net CL: 3142249
LogDevObjectVersion: Number of dev versions registered: 13
LogDevObjectVersion:   Dev-Blueprints (B0D832E4-1F89-4F0D-ACCF-7EB736FD4AA2): 5
LogDevObjectVersion:   Dev-Build (E1C64328-A22C-4D53-A36C-8E866417BD8C): 0
LogDevObjectVersion:   Dev-Core (375EC13C-06E4-48FB-B500-84F0262A717E): 1
LogDevObjectVersion:   Dev-Editor (E4B068ED-F494-42E9-A231-DA0B2E46BB41): 6
LogDevObjectVersion:   Dev-Framework (CFFC743F-43B0-4480-9391-14DF171D2073): 12
LogDevObjectVersion:   Dev-Mobile (B02B49B5-BB20-44E9-A304-32B752E40360): 0
LogDevObjectVersion:   Dev-Networking (A4E4105C-59A1-49B5-A7C5-40C4547EDFEE): 0
LogDevObjectVersion:   Dev-Online (39C831C9-5AE6-47DC-9A44-9C173E1C8E7C): 0
LogDevObjectVersion:   Dev-Physics (78F01B33-EBEA-4F98-B9B4-84EACCB95AA2): 0
LogDevObjectVersion:   Dev-Platform (6631380F-2D4D-43E0-8009-CF276956A95A): 0
LogDevObjectVersion:   Dev-Rendering (12F88B9F-8875-4AFC-A67C-D90C383ABD29): 4
LogDevObjectVersion:   Dev-Sequencer (7B5AE74C-D270-4C10-A958-57980B212A5A): 0
LogDevObjectVersion:   Dev-VR (D7296918-1DD6-4BDD-9DE2-64A83CC13884): 0
LogInit: Compiled (64-bit): Sep 28 2016 02:12:12
LogInit: Compiled with Visual C++: 19.00.23026.00
LogInit: Build Configuration: Development
LogInit: Branch Name: ++UE4+Release-4.13
LogInit: Command line:  
LogInit: Base directory: D:/Program Files/Epic Games/4.13/Engine/Binaries/Win64/
LogInit: Installed Engine Build: 1
LogInit: Presizing for max 8388607 objects, including 0 objects not considered by GC, pre-allocating 0 bytes for permanent pool.
LogInit: Object subsystem initialized
[2016.09.30-11.53.32:831][  0]LogInit: Selected Device Profile: [Windows]
[2016.09.30-11.53.32:831][  0]LogInit: Applying CVar settings loaded from the selected device profile: [Windows]
[2016.09.30-11.53.32:842][  0]LogInit: Computer: K0024
[2016.09.30-11.53.32:842][  0]LogInit: User: rslabon
[2016.09.30-11.53.32:842][  0]LogInit: CPU Page size=65536, Cores=6
[2016.09.30-11.53.32:842][  0]LogInit: High frequency timer resolution =3.117529 MHz
[2016.09.30-11.53.32:842][  0]LogMemory: Memory total: Physical=63.9GB (64GB approx)
[2016.09.30-11.53.32:842][  0]LogMemory: Platform Memory Stats for Windows
[2016.09.30-11.53.32:842][  0]LogMemory: Process Physical Memory: 260.54 MB used, 260.54 MB peak
[2016.09.30-11.53.32:842][  0]LogMemory: Process Virtual Memory: 263.89 MB used, 263.89 MB peak
[2016.09.30-11.53.32:842][  0]LogMemory: Physical Memory: 8060.04 MB used, 65459.79 MB total
[2016.09.30-11.53.32:843][  0]LogMemory: Virtual Memory: 593.32 MB used, 8388608.00 MB total
[2016.09.30-11.53.32:898][  0]LogTextLocalizationManager: No translations for ('pl-PL') exist, falling back to 'en' for localization and internationalization data.
[2016.09.30-11.53.33:617][  0]LogD3D11RHI: D3D11 adapters:
[2016.09.30-11.53.34:704][  0]LogD3D11RHI:    0. 'NVIDIA Quadro K2000' (Feature Level 11_0)
[2016.09.30-11.53.34:704][  0]LogD3D11RHI:       1989/0/32473 MB DedicatedVideo/DedicatedSystem/SharedSystem, Outputs:2, VendorId:0x10de
[2016.09.30-11.53.34:704][  0]LogD3D11RHI: Chosen D3D11 Adapter: 0
[2016.09.30-11.53.34:715][  0]LogD3D11RHI: Creating new Direct3DDevice
[2016.09.30-11.53.34:716][  0]LogD3D11RHI:     GPU DeviceId: 0xffe (for the marketing name, search the web for "GPU Device Id")
[2016.09.30-11.53.34:716][  0]LogWindows: EnumDisplayDevices:
[2016.09.30-11.53.34:716][  0]LogWindows:    0. 'NVIDIA Quadro K2000' (P:1 D:1)
[2016.09.30-11.53.34:717][  0]LogWindows:    1. 'NVIDIA Quadro K2000' (P:0 D:1)
[2016.09.30-11.53.34:717][  0]LogWindows:    2. 'NVIDIA Quadro K2000' (P:0 D:0)
[2016.09.30-11.53.34:718][  0]LogWindows:    3. 'NVIDIA Quadro K2000' (P:0 D:0)
[2016.09.30-11.53.34:719][  0]LogWindows:    4. 'RDPDD Chained DD' (P:0 D:0)
[2016.09.30-11.53.34:719][  0]LogWindows:    5. 'RDP Encoder Mirror Driver' (P:0 D:0)
[2016.09.30-11.53.34:719][  0]LogWindows:    6. 'RDP Reflector Display Driver' (P:0 D:0)
[2016.09.30-11.53.34:720][  0]LogWindows: DebugString: GetVideoDriverDetailsInvalid PrimaryIsNotTheChoosenAdapter GetVideoDriverDetailsInvalid PrimaryIsNotTheChoosenAdapter GetVideoDriverDetailsInvalid PrimaryIsNotTheChoosenAdapter FoundDriverCount:4 
[2016.09.30-11.53.34:720][  0]LogD3D11RHI:     Adapter Name: NVIDIA Quadro K2000
[2016.09.30-11.53.34:720][  0]LogD3D11RHI:   Driver Version: 361.75 (internal:10.18.13.6175, unified:361.75)
[2016.09.30-11.53.34:720][  0]LogD3D11RHI:      Driver Date: 1-22-2016
[2016.09.30-11.53.34:720][  0]LogRHI: Texture pool is 1361 MB (70% of 1945 MB)
[2016.09.30-11.53.34:779][  0]LogD3D11RHI: Async texture creation enabled
[2016.09.30-11.53.34:850][  0]LogD3D11RHI: GPU Timing Frequency: 1000.000000 (Debug: 2 2)
[2016.09.30-11.53.34:858][  0]LogShaderCompilers: Guid format shader working directory is -10 characters bigger than the processId version (../../../../../../Work_Robert/UnrealProjects/AttachBugScene/Intermediate/Shaders/WorkingDirectory/164/).
[2016.09.30-11.53.34:858][  0]LogShaderCompilers: Cleaned the shader compiler working directory 'C:/Users/rslabon/AppData/Local/Temp/UnrealShaderWorkingDir/FB6002164A4D7BACA36A9A8B1D646AE4/'.
[2016.09.30-11.53.34:859][  0]LogShaderCompilers:Display: Using Local Shader Compiler.
[2016.09.30-11.53.36:198][  0]LogTemp:Display: Loaded TP AllDesktopTargetPlatform
[2016.09.30-11.53.36:207][  0]LogTemp:Display: Loaded TP WindowsClientTargetPlatform
[2016.09.30-11.53.36:217][  0]LogTemp:Display: Loaded TP WindowsNoEditorTargetPlatform
[2016.09.30-11.53.36:227][  0]LogTemp:Display: Loaded TP WindowsServerTargetPlatform
[2016.09.30-11.53.36:236][  0]LogTemp:Display: Loaded TP WindowsTargetPlatform
[2016.09.30-11.53.36:244][  0]LogTemp:Display: Loaded TP AndroidTargetPlatform
[2016.09.30-11.53.36:253][  0]LogTemp:Display: Loaded TP Android_ASTCTargetPlatform
[2016.09.30-11.53.36:272][  0]LogTemp:Display: Loaded TP Android_ATCTargetPlatform
[2016.09.30-11.53.36:285][  0]LogTemp:Display: Loaded TP Android_DXTTargetPlatform
[2016.09.30-11.53.36:294][  0]LogTemp:Display: Loaded TP Android_ETC1TargetPlatform
[2016.09.30-11.53.36:307][  0]LogTemp:Display: Loaded TP Android_ETC2TargetPlatform
[2016.09.30-11.53.36:336][  0]LogTemp:Display: Loaded TP Android_MultiTargetPlatform
[2016.09.30-11.53.36:336][  0]LogTemp:Display: Loaded TP Android_PVRTCTargetPlatform
[2016.09.30-11.53.36:338][  0]LogTemp:Display: Loaded TP HTML5TargetPlatform
[2016.09.30-11.53.36:362][  0]LogTemp:Display: Loaded TP IOSTargetPlatform
[2016.09.30-11.53.36:370][  0]LogTemp:Display: Loaded TP TVOSTargetPlatform
[2016.09.30-11.53.36:378][  0]LogTemp:Display: Loaded TP LinuxClientTargetPlatform
[2016.09.30-11.53.36:386][  0]LogTemp:Display: Loaded TP LinuxNoEditorTargetPlatform
[2016.09.30-11.53.36:394][  0]LogTemp:Display: Loaded TP LinuxServerTargetPlatform
[2016.09.30-11.53.36:403][  0]LogTemp:Display: Loaded TP LinuxTargetPlatform
[2016.09.30-11.53.36:403][  0]LogTargetPlatformManager:Display: Building Assets For Windows
[2016.09.30-11.53.36:490][  0]LogDerivedDataCache:Display: Max Cache Size: 512 MB
[2016.09.30-11.53.36:669][  0]LogDerivedDataCache: Loaded boot cache 0.18s 63MB C:/Users/rslabon/AppData/Local/UnrealEngine/4.13/DerivedDataCache/Boot.ddc.
[2016.09.30-11.53.36:670][  0]LogDerivedDataCache:Display: Loaded Boot cache: C:/Users/rslabon/AppData/Local/UnrealEngine/4.13/DerivedDataCache/Boot.ddc
[2016.09.30-11.53.36:670][  0]LogDerivedDataCache: FDerivedDataBackendGraph:  Pak pak cache file ../../../../../../Work_Robert/UnrealProjects/AttachBugScene/DerivedDataCache/DDC.ddp not found, will not use a pak cache.
[2016.09.30-11.53.36:670][  0]LogDerivedDataCache: Unable to find inner node Pak for hierarchical cache Hierarchy.
[2016.09.30-11.53.36:670][  0]LogDerivedDataCache: FDerivedDataBackendGraph:  CompressedPak pak cache file ../../../../../../Work_Robert/UnrealProjects/AttachBugScene/DerivedDataCache/Compressed.ddp not found, will not use a pak cache.
[2016.09.30-11.53.36:670][  0]LogDerivedDataCache: Unable to find inner node CompressedPak for hierarchical cache Hierarchy.
[2016.09.30-11.53.36:701][  0]LogDerivedDataCache:Display: Pak cache opened for reading ../../../Engine/DerivedDataCache/Compressed.ddp.
[2016.09.30-11.53.36:713][  0]LogDerivedDataCache: Using Local data cache path C:/Users/rslabon/AppData/Local/UnrealEngine/Common/DerivedDataCache: Writable
[2016.09.30-11.53.37:003][  0]LogInit: Selected Device Profile: [Windows]
[2016.09.30-11.53.37:008][  0]LogMaterial: Uniform references updated for custom material expression Custom.
[2016.09.30-11.53.37:009][  0]LogContentStreaming: Texture pool size is 0.00 MB
[2016.09.30-11.53.37:219][  0]LogMeshUtilities: No automatic mesh reduction module available
[2016.09.30-11.53.37:219][  0]LogMeshUtilities: No automatic mesh merging module available
[2016.09.30-11.53.37:219][  0]LogMeshUtilities: No distributed automatic mesh merging module available
[2016.09.30-11.53.37:844][  0]LogNetVersion: GetLocalNetworkVersion: CL: 3106830, ProjectName: attachbugscene, ProjectVersion: , EngineNetworkVersion: 1, GameNetworkVersion: 0, NetworkChecksum: 3536999927
[2016.09.30-11.53.37:903][  0]LogAssetRegistry: FAssetRegistry took 0.0201 seconds to start up
[2016.09.30-11.53.37:918][  0]LogPackageLocalizationCache: Processed 3 localized package path(s) for 1 prioritized culture(s) in 0.011510 seconds
[2016.09.30-11.53.37:923][  0]LogUObjectArray: 29778 objects as part of root set at end of initial load.
[2016.09.30-11.53.37:923][  0]LogUObjectAllocator: 6125456 out of 0 bytes used by permanent object pool.
[2016.09.30-11.53.37:923][  0]LogUObjectArray: CloseDisregardForGC: 0/0 objects in disregard for GC pool
[2016.09.30-11.53.37:931][  0]LogInit: WinSock: version 1.1 (2.2), MaxSocks=32767, MaxUdp=65467
[2016.09.30-11.53.38:300][  0]LogSlate: SlateFontCache - WITH_FREETYPE: 1, WITH_HARFBUZZ: 1
[2016.09.30-11.53.38:300][  0]LogSlate: SlateFontCache - WITH_FREETYPE: 1, WITH_HARFBUZZ: 1
[2016.09.30-11.53.39:366][  0]LogTcpMessaging: Initializing TcpMessaging bridge
[2016.09.30-11.53.39:396][  0]LogUdpMessaging: Initializing bridge on interface 0.0.0.0:0 to multicast group 230.0.0.1:6666.
[2016.09.30-11.53.39:769][  0]SourceControl: Info Source control is disabled
[2016.09.30-11.53.39:770][  0]SourceControl: Info Source control is disabled
[2016.09.30-11.53.39:781][  0]SourceControl: Info Source control is disabled
[2016.09.30-11.53.39:790][  0]SourceControl: Info Source control is disabled
[2016.09.30-11.53.40:158][  0]LogEngine: Initializing Engine...
[2016.09.30-11.53.40:159][  0]LogHMD: Failed to initialize OpenVR with code 110
[2016.09.30-11.53.40:332][  0]LogAIModule: Creating AISystem for world Untitled
[2016.09.30-11.53.40:363][  0]LogInit: XAudio2 using 'BenQ XL2420TX-C (NVIDIA High Definition Audio)' : 2 channels at 48 kHz using 16 bits per sample (channel mask 0x3)
[2016.09.30-11.53.40:416][  0]LogInit: FAudioDevice initialized.
[2016.09.30-11.53.40:576][  0]LogDerivedDataCache: Saved boot cache 0.16s 63MB C:/Users/rslabon/AppData/Local/UnrealEngine/4.13/DerivedDataCache/Boot.ddc.
[2016.09.30-11.53.40:585][  0]LogInit: Texture streaming: Enabled
[2016.09.30-11.53.40:619][  0]LogInit: Transaction tracking system initialized
[2016.09.30-11.53.40:647][  0]BlueprintLog: New page: Editor Load
[2016.09.30-11.53.40:773][  0]LocalizationService: Info Localization service is disabled
[2016.09.30-11.53.40:935][  0]LogConsoleResponse:Display: 
[2016.09.30-11.53.41:066][  0]LogCook:Display: Max memory allowance for cook 16384mb min free memory 0mb
[2016.09.30-11.53.41:066][  0]LogCook:Display: Mobile HDR setting 1
[2016.09.30-11.53.41:274][  0]LogFileCache: Scanning file cache for directory 'D:/Work_Robert/UnrealProjects/AttachBugScene/Content/' took 0.01s
[2016.09.30-11.53.41:274][  0]SourceControl: Info Source control is disabled
[2016.09.30-11.53.41:274][  0]Cmd: MAP LOAD FILE="../../../../../../Work_Robert/UnrealProjects/AttachBugScene/Content/MainMap.umap" TEMPLATE=0 SHOWPROGRESS=1 FEATURELEVEL=3
[2016.09.30-11.53.41:275][  0]LightingResults: New page: Lighting Build
[2016.09.30-11.53.41:277][  0]MapCheck: New page: Map Check
[2016.09.30-11.53.41:277][  0]LightingResults: New page: Lighting Build
[2016.09.30-11.53.42:180][  0]LogAIModule: Creating AISystem for world MainMap
[2016.09.30-11.53.42:213][  0]LogEditorServer: Finished looking for orphan Actors (0.000 secs)
[2016.09.30-11.53.42:214][  0]Cmd: MAP CHECKDEP NOCLEARLOG
[2016.09.30-11.53.42:266][  0]MapCheck: Info Map check complete: 0 Error(s), 0 Warning(s), took 51.949ms to complete.
[2016.09.30-11.53.42:266][  0]LogFileHelpers: Loading map 'MainMap' took 0.993
[2016.09.30-11.53.42:611][  0]LogCollectionManager: Loaded 0 collections in 0.001940 seconds
[2016.09.30-11.53.42:673][  0]LogFileCache: Scanning file cache for directory 'D:/Work_Robert/UnrealProjects/AttachBugScene/Saved/Collections/' took 0.01s
[2016.09.30-11.53.42:673][  0]LogFileCache: Scanning file cache for directory 'D:/Work_Robert/UnrealProjects/AttachBugScene/Content/Developers/rslabon/Collections/' took 0.01s
[2016.09.30-11.53.42:673][  0]LogFileCache: Scanning file cache for directory 'D:/Work_Robert/UnrealProjects/AttachBugScene/Content/Collections/' took 0.01s
[2016.09.30-11.53.42:673][  0]LogCollectionManager: Rebuilt the GUID cache for 0 collections in 0.000006 seconds
[2016.09.30-11.53.42:698][  0]LogContentBrowser: Native class hierarchy populated in 0.0248 seconds. Added 2142 classes and 417 folders.
[2016.09.30-11.53.42:706][  0]LogStats: UGameplayTagsManager::ConstructGameplayTagTree: Construct from data asset -  0.000 s
[2016.09.30-11.53.42:706][  0]LogStats: UGameplayTagsManager::ConstructGameplayTagTree: GameplayTagTreeChangedEvent.Broadcast -  0.000 s
[2016.09.30-11.53.42:707][  0]LogContentBrowser: Native class hierarchy updated for 'GameplayTags' in 0.0006 seconds. Added 12 classes and 0 folders.
[2016.09.30-11.53.42:713][  0]LogContentBrowser: Native class hierarchy updated for 'WidgetCarousel' in 0.0011 seconds. Added 0 classes and 0 folders.
[2016.09.30-11.53.42:777][  0]LogContentBrowser: Native class hierarchy updated for 'AddContentDialog' in 0.0005 seconds. Added 0 classes and 0 folders.
[2016.09.30-11.53.42:804][  0]LogContentBrowser: Native class hierarchy updated for 'WorldBrowser' in 0.0006 seconds. Added 1 classes and 3 folders.
[2016.09.30-11.53.42:812][  0]LogCrashTracker: Crashtracker disabled due to settings.
[2016.09.30-11.53.42:817][  0]LogUObjectGlobals:Warning: Failed to find object 'Class None.'
[2016.09.30-11.53.42:846][  0]LogContentBrowser: Native class hierarchy updated for 'HierarchicalLODOutliner' in 0.0006 seconds. Added 1 classes and 2 folders.
[2016.09.30-11.53.42:846][  0]LogLoad: (Engine Initialization) Total time: 11.04 seconds
[2016.09.30-11.53.42:846][  0]LogLoad: (Engine Initialization) Total Blueprint compile time: 0.22 seconds
[2016.09.30-11.53.42:846][  0]LogExternalProfiler: Found external profiler: VSPerf
[2016.09.30-11.53.42:846][  0]LogExternalProfiler: Using external profiler: VSPerf
[2016.09.30-11.53.42:860][  0]LogOcInput: OculusInput pre-init called
[2016.09.30-11.53.42:882][  0]LogContentStreaming: Texture pool size now 800 MB
[2016.09.30-11.53.43:114][  0]LogRenderer: Reallocating scene render targets to support 484x340 (Frame:2).
[2016.09.30-11.53.43:225][  0]LogRenderer: Reallocating scene render targets to support 968x680 (Frame:2).
[2016.09.30-11.53.43:616][  2]LogAssetRegistry: Asset discovery search completed in 5.7332 seconds
[2016.09.30-11.53.43:616][  2]LogCollectionManager: Rebuilt the object cache for 0 collections in 0.000001 seconds (found 0 objects)
[2016.09.30-11.53.43:616][  2]LogCollectionManager: Fixed up redirectors for 0 collections in 0.000042 seconds (updated 0 objects)
[2016.09.30-11.54.14:136][174]LogMaterial: Missing cached shader map for material FloorMaterial, compiling. 
[2016.09.30-11.54.14:316][174]LogMaterial: Missing cached shader map for material FloorMaterial, compiling. 
[2016.09.30-11.54.14:330][174]LogMaterial: 0.00 seconds spent updating 1 materials, 1 interfaces, 0 instances, 0 with static permutations.
[2016.09.30-11.54.14:357][174]LogMaterial: Missing cached shader map for material FMatExpressionPreview MaterialExpressionConstant3Vector_0, compiling. 
[2016.09.30-11.54.15:183][193]MaterialEditorStats: Info Base pass shader with static lighting: 49 instructions
[2016.09.30-11.54.15:183][193]MaterialEditorStats: Info Base pass shader with only dynamic lighting: 22 instructions
[2016.09.30-11.54.15:183][193]MaterialEditorStats: Info Vertex shader: 32 instructions
[2016.09.30-11.54.15:183][193]MaterialEditorStats: Info Texture samplers: 2/16
[2016.09.30-11.54.19:759][330]LogMaterial: Missing cached shader map for material FloorMaterial, compiling. 
[2016.09.30-11.54.19:781][330]LogMaterial: 0.00 seconds spent updating 1 materials, 1 interfaces, 0 instances, 0 with static permutations.
[2016.09.30-11.54.20:299][346]MaterialEditorStats: Info Base pass shader with static lighting: 49 instructions
[2016.09.30-11.54.20:299][346]MaterialEditorStats: Info Base pass shader with only dynamic lighting: 22 instructions
[2016.09.30-11.54.20:299][346]MaterialEditorStats: Info Vertex shader: 32 instructions
[2016.09.30-11.54.20:299][346]MaterialEditorStats: Info Texture samplers: 2/16
[2016.09.30-11.54.22:114][399]LogMaterialEditor: Applying material FloorMaterial
[2016.09.30-11.54.22:682][399]LogMaterial: Missing cached shader map for material FloorMaterial, compiling. 
[2016.09.30-11.54.22:710][399]LogMaterial: 0.00 seconds spent updating 1 materials, 1 interfaces, 0 instances, 0 with static permutations.
[2016.09.30-11.54.22:795][399]LogMaterial: Missing cached shader map for material FloorMaterial, compiling. 
[2016.09.30-11.54.22:838][399]LogMaterial: Missing cached shader map for material FloorMaterial, compiling. 
[2016.09.30-11.54.22:866][399]LogMaterial: 0.00 seconds spent updating 1 materials, 1 interfaces, 0 instances, 0 with static permutations.
[2016.09.30-11.54.24:764][450]MaterialEditorStats: Info Base pass shader with static lighting: 88 instructions
[2016.09.30-11.54.24:764][450]MaterialEditorStats: Info Base pass shader with only dynamic lighting: 61 instructions
[2016.09.30-11.54.24:764][450]MaterialEditorStats: Info Vertex shader: 32 instructions
[2016.09.30-11.54.24:764][450]MaterialEditorStats: Info Texture samplers: 3/16
[2016.09.30-11.54.29:682][591]LogMaterial: Missing cached shader map for material FloorMaterial, compiling. 
[2016.09.30-11.54.29:701][591]LogMaterial: 0.00 seconds spent updating 1 materials, 1 interfaces, 0 instances, 0 with static permutations.
[2016.09.30-11.54.30:195][605]MaterialEditorStats: Info Base pass shader with static lighting: 49 instructions
[2016.09.30-11.54.30:195][605]MaterialEditorStats: Info Base pass shader with only dynamic lighting: 22 instructions
[2016.09.30-11.54.30:195][605]MaterialEditorStats: Info Vertex shader: 32 instructions
[2016.09.30-11.54.30:195][605]MaterialEditorStats: Info Texture samplers: 2/16
[2016.09.30-11.54.34:108][716]LogMaterial: Missing cached shader map for material FloorMaterial, compiling. 
[2016.09.30-11.54.34:124][716]LogMaterial: 0.00 seconds spent updating 1 materials, 1 interfaces, 0 instances, 0 with static permutations.
[2016.09.30-11.54.34:581][728]MaterialEditorStats: Info Base pass shader with static lighting: 49 instructions
[2016.09.30-11.54.34:581][728]MaterialEditorStats: Info Base pass shader with only dynamic lighting: 22 instructions
[2016.09.30-11.54.34:581][728]MaterialEditorStats: Info Vertex shader: 32 instructions
[2016.09.30-11.54.34:581][728]MaterialEditorStats: Info Texture samplers: 2/16
[2016.09.30-11.54.36:477][783]LogMaterialEditor: Applying material FloorMaterial
[2016.09.30-11.54.37:132][783]LogMaterial: Missing cached shader map for material FloorMaterial, compiling. 
[2016.09.30-11.54.37:165][783]LogMaterial: 0.00 seconds spent updating 1 materials, 1 interfaces, 0 instances, 0 with static permutations.
[2016.09.30-11.54.37:327][783]LogMaterial: Missing cached shader map for material FloorMaterial, compiling. 
[2016.09.30-11.54.37:365][783]LogMaterial: Missing cached shader map for material FloorMaterial, compiling. 
[2016.09.30-11.54.37:390][783]LogMaterial: 0.00 seconds spent updating 1 materials, 1 interfaces, 0 instances, 0 with static permutations.
[2016.09.30-11.54.39:084][828]MaterialEditorStats: Info Base pass shader with static lighting: 88 instructions
[2016.09.30-11.54.39:084][828]MaterialEditorStats: Info Base pass shader with only dynamic lighting: 61 instructions
[2016.09.30-11.54.39:084][828]MaterialEditorStats: Info Vertex shader: 32 instructions
[2016.09.30-11.54.39:084][828]MaterialEditorStats: Info Texture samplers: 3/16
[2016.09.30-11.54.39:437][837]LogMaterialEditor: Saving and Compiling material FloorMaterial
[2016.09.30-11.54.39:572][837]LogSavePackage: Save=19.56ms
[2016.09.30-11.54.39:572][837]LogSavePackage: Moving '../../../../../../Work_Robert/UnrealProjects/AttachBugScene/Saved/FloorMaterial8852C6AF44531A8413BFAEBF0DA76049.tmp' to '../../../../../../Work_Robert/UnrealProjects/AttachBugScene/Content/ThirdPersonBP/Materials/FloorMaterial.uasset'
[2016.09.30-11.54.39:573][837]LogSavePackage:Display: Finished SavePackage ../../../../../../Work_Robert/UnrealProjects/AttachBugScene/Content/ThirdPersonBP/Materials/FloorMaterial.uasset
[2016.09.30-11.54.44:215][975]LogMaterial: Missing cached shader map for material FloorMaterial, compiling. 
[2016.09.30-11.54.44:242][975]LogMaterial: 0.00 seconds spent updating 1 materials, 1 interfaces, 0 instances, 0 with static permutations.
[2016.09.30-11.54.44:813][992]MaterialEditorStats: Info Base pass shader with static lighting: 49 instructions
[2016.09.30-11.54.44:813][992]MaterialEditorStats: Info Base pass shader with only dynamic lighting: 22 instructions
[2016.09.30-11.54.44:813][992]MaterialEditorStats: Info Vertex shader: 32 instructions
[2016.09.30-11.54.44:814][992]MaterialEditorStats: Info Texture samplers: 2/16
[2016.09.30-11.54.45:656][ 17]LogMaterialEditor: Applying material FloorMaterial
[2016.09.30-11.54.46:318][ 17]LogMaterial: Missing cached shader map for material FloorMaterial, compiling. 
[2016.09.30-11.54.46:347][ 17]LogMaterial: 0.00 seconds spent updating 1 materials, 1 interfaces, 0 instances, 0 with static permutations.
[2016.09.30-11.54.46:440][ 17]LogMaterial: Missing cached shader map for material FloorMaterial, compiling. 
[2016.09.30-11.54.46:493][ 17]LogMaterial: Missing cached shader map for material FloorMaterial, compiling. 
[2016.09.30-11.54.46:558][ 17]LogMaterial: 0.02 seconds spent updating 1 materials, 1 interfaces, 0 instances, 0 with static permutations.
[2016.09.30-11.54.47:121][ 34]LogMaterialEditor: Saving and Compiling material FloorMaterial
[2016.09.30-11.54.48:257][ 34]LogSavePackage: Save=11.40ms
[2016.09.30-11.54.48:257][ 34]LogSavePackage: Moving '../../../../../../Work_Robert/UnrealProjects/AttachBugScene/Saved/FloorMaterial95E383D549CBE67AECA103A57EB23BC9.tmp' to '../../../../../../Work_Robert/UnrealProjects/AttachBugScene/Content/ThirdPersonBP/Materials/FloorMaterial.uasset'
[2016.09.30-11.54.48:258][ 34]LogSavePackage:Display: Finished SavePackage ../../../../../../Work_Robert/UnrealProjects/AttachBugScene/Content/ThirdPersonBP/Materials/FloorMaterial.uasset
[2016.09.30-11.54.48:263][ 34]MaterialEditorStats: Info Base pass shader with static lighting: 88 instructions
[2016.09.30-11.54.48:263][ 34]MaterialEditorStats: Info Base pass shader with only dynamic lighting: 61 instructions
[2016.09.30-11.54.48:263][ 34]MaterialEditorStats: Info Vertex shader: 32 instructions
[2016.09.30-11.54.48:263][ 34]MaterialEditorStats: Info Texture samplers: 3/16
[2016.09.30-11.55.02:434][440]LogMaterial: Missing cached shader map for material FloorMaterial, compiling. 
[2016.09.30-11.55.02:449][440]LogMaterial: 0.00 seconds spent updating 1 materials, 1 interfaces, 0 instances, 0 with static permutations.
[2016.09.30-11.55.02:956][456]MaterialEditorStats: Info Base pass shader with static lighting: 49 instructions
[2016.09.30-11.55.02:956][456]MaterialEditorStats: Info Base pass shader with only dynamic lighting: 22 instructions
[2016.09.30-11.55.02:956][456]MaterialEditorStats: Info Vertex shader: 32 instructions
[2016.09.30-11.55.02:956][456]MaterialEditorStats: Info Texture samplers: 2/16
[2016.09.30-11.55.03:898][483]LogMaterialEditor: Applying material FloorMaterial
[2016.09.30-11.55.04:518][483]LogMaterial: Missing cached shader map for material FloorMaterial, compiling. 
[2016.09.30-11.55.04:551][483]LogMaterial: 0.00 seconds spent updating 1 materials, 1 interfaces, 0 instances, 0 with static permutations.
[2016.09.30-11.55.04:615][483]LogMaterial: Missing cached shader map for material FloorMaterial, compiling. 
[2016.09.30-11.55.04:660][483]LogMaterial: Missing cached shader map for material FloorMaterial, compiling. 
[2016.09.30-11.55.04:689][483]LogMaterial: 0.00 seconds spent updating 1 materials, 1 interfaces, 0 instances, 0 with static permutations.
[2016.09.30-11.55.06:506][532]MaterialEditorStats: Info Base pass shader with static lighting: 88 instructions
[2016.09.30-11.55.06:506][532]MaterialEditorStats: Info Base pass shader with only dynamic lighting: 61 instructions
[2016.09.30-11.55.06:507][532]MaterialEditorStats: Info Vertex shader: 32 instructions
[2016.09.30-11.55.06:507][532]MaterialEditorStats: Info Texture samplers: 3/16
[2016.09.30-11.55.11:125][669]LogMaterial: Missing cached shader map for material FloorMaterial, compiling. 
[2016.09.30-11.55.11:143][669]LogMaterial: 0.00 seconds spent updating 1 materials, 1 interfaces, 0 instances, 0 with static permutations.
[2016.09.30-11.55.11:650][683]MaterialEditorStats: Info Base pass shader with static lighting: 49 instructions
[2016.09.30-11.55.11:650][683]MaterialEditorStats: Info Base pass shader with only dynamic lighting: 22 instructions
[2016.09.30-11.55.11:650][683]MaterialEditorStats: Info Vertex shader: 32 instructions
[2016.09.30-11.55.11:650][683]MaterialEditorStats: Info Texture samplers: 2/16
[2016.09.30-11.55.13:346][731]LogMaterialEditor: Applying material FloorMaterial
[2016.09.30-11.55.13:934][731]LogMaterial: Missing cached shader map for material FloorMaterial, compiling. 
[2016.09.30-11.55.13:962][731]LogMaterial: 0.00 seconds spent updating 1 materials, 1 interfaces, 0 instances, 0 with static permutations.
[2016.09.30-11.55.14:075][731]LogMaterial: Missing cached shader map for material FloorMaterial, compiling. 
[2016.09.30-11.55.14:121][731]LogMaterial: Missing cached shader map for material FloorMaterial, compiling. 
[2016.09.30-11.55.14:151][731]LogMaterial: 0.00 seconds spent updating 1 materials, 1 interfaces, 0 instances, 0 with static permutations.
[2016.09.30-11.55.16:012][782]MaterialEditorStats: Info Base pass shader with static lighting: 88 instructions
[2016.09.30-11.55.16:012][782]MaterialEditorStats: Info Base pass shader with only dynamic lighting: 61 instructions
[2016.09.30-11.55.16:013][782]MaterialEditorStats: Info Vertex shader: 32 instructions
[2016.09.30-11.55.16:013][782]MaterialEditorStats: Info Texture samplers: 3/16
[2016.09.30-11.55.16:862][808]LogMaterialEditor: Saving and Compiling material FloorMaterial
[2016.09.30-11.55.16:957][808]LogSavePackage: Save=22.55ms
[2016.09.30-11.55.16:957][808]LogSavePackage: Moving '../../../../../../Work_Robert/UnrealProjects/AttachBugScene/Saved/FloorMaterial8DED348C4824954D40F03DA306CD6866.tmp' to '../../../../../../Work_Robert/UnrealProjects/AttachBugScene/Content/ThirdPersonBP/Materials/FloorMaterial.uasset'
[2016.09.30-11.55.16:958][808]LogSavePackage:Display: Finished SavePackage ../../../../../../Work_Robert/UnrealProjects/AttachBugScene/Content/ThirdPersonBP/Materials/FloorMaterial.uasset
[2016.09.30-11.55.22:209][993]LogRenderer: Reallocating scene render targets to support 968x680 (Frame:4501).
[2016.09.30-11.55.22:689][996]LogContentStreaming: Texture pool size now 1000 MB
[2016.09.30-11.55.26:369][143]LogBlueprintUserMessages: Early PlayInEditor Detection: Level '/Game/MainMap.MainMap:PersistentLevel' has LevelScriptBlueprint '/Game/MainMap.MainMap:PersistentLevel.MainMap' with GeneratedClass '/Game/MainMap.MainMap_C' with ClassGeneratedBy '/Game/MainMap.MainMap:PersistentLevel.MainMap'
[2016.09.30-11.55.26:369][143]LogPlayLevel: PlayLevel: No blueprints needed recompiling
[2016.09.30-11.55.26:371][143]PIE: New page: PIE session: MainMap (Sep 30, 2016, 2:55:26 PM)
[2016.09.30-11.55.26:371][143]LogPlayLevel: Creating play world package: /Game/UEDPIE_0_MainMap
[2016.09.30-11.55.26:398][143]LogPlayLevel: PIE: StaticDuplicateObject took: (0.027060s)
[2016.09.30-11.55.26:399][143]LogAIModule: Creating AISystem for world MainMap
[2016.09.30-11.55.26:399][143]LogPlayLevel: PIE: World Init took: (0.001067s)
[2016.09.30-11.55.26:399][143]LogPlayLevel: PIE: Created PIE world by copying editor world from /Game/MainMap.MainMap to /Game/UEDPIE_0_MainMap.MainMap (0.028418s)
[2016.09.30-11.55.26:428][143]LogInit: XAudio2 using 'BenQ XL2420TX-C (NVIDIA High Definition Audio)' : 2 channels at 48 kHz using 16 bits per sample (channel mask 0x3)
[2016.09.30-11.55.26:436][143]LogInit: FAudioDevice initialized.
[2016.09.30-11.55.26:498][143]LogWorld: Game class is 'ThirdPersonGameMode_C'
[2016.09.30-11.55.26:515][143]LogWorld: Bringing World /Game/UEDPIE_0_MainMap.MainMap up for play (max tick rate 0) at 2016.09.30-13.55.26
[2016.09.30-11.55.26:517][143]LogWorld: Bringing up level for play took: 0.014945
[2016.09.30-11.55.26:525][143]LogContentBrowser: Native class hierarchy updated for 'MovieSceneCapture' in 0.0011 seconds. Added 11 classes and 0 folders.
[2016.09.30-11.55.26:526][143]LogGameMode:Display: Match State Changed from EnteringMap to WaitingToStart
[2016.09.30-11.55.26:526][143]LogGameState: Match State Changed from EnteringMap to WaitingToStart
[2016.09.30-11.55.26:526][143]LogGameMode:Display: Match State Changed from WaitingToStart to InProgress
[2016.09.30-11.55.26:527][143]LogGameState: Match State Changed from WaitingToStart to InProgress
[2016.09.30-11.55.26:527][143]PIE: Info Play in editor start time for /Game/UEDPIE_0_MainMap -0.662
[2016.09.30-11.55.26:527][143]LogBlueprintUserMessages: Late PlayInEditor Detection: Level '/Game/MainMap.MainMap:PersistentLevel' has LevelScriptBlueprint '/Game/MainMap.MainMap:PersistentLevel.MainMap' with GeneratedClass '/Game/MainMap.MainMap_C' with ClassGeneratedBy '/Game/MainMap.MainMap:PersistentLevel.MainMap'
[2016.09.30-11.55.39:588][545]LogBlueprintUserMessages: Early EndPlayMap Detection: Level '/Game/MainMap.MainMap:PersistentLevel' has LevelScriptBlueprint '/Game/MainMap.MainMap:PersistentLevel.MainMap' with GeneratedClass '/Game/MainMap.MainMap_C' with ClassGeneratedBy '/Game/MainMap.MainMap:PersistentLevel.MainMap'
[2016.09.30-11.55.39:659][545]LogBlueprintUserMessages: Late EndPlayMap Detection: Level '/Game/MainMap.MainMap:PersistentLevel' has LevelScriptBlueprint '/Game/MainMap.MainMap:PersistentLevel.MainMap' with GeneratedClass '/Game/MainMap.MainMap_C' with ClassGeneratedBy '/Game/MainMap.MainMap:PersistentLevel.MainMap'
[2016.09.30-11.56.04:605][183]LogBlueprintUserMessages: Early PlayInEditor Detection: Level '/Game/MainMap.MainMap:PersistentLevel' has LevelScriptBlueprint '/Game/MainMap.MainMap:PersistentLevel.MainMap' with GeneratedClass '/Game/MainMap.MainMap_C' with ClassGeneratedBy '/Game/MainMap.MainMap:PersistentLevel.MainMap'
[2016.09.30-11.56.04:605][183]LogPlayLevel: PlayLevel: No blueprints needed recompiling
[2016.09.30-11.56.04:605][183]PIE: New page: PIE session: MainMap (Sep 30, 2016, 2:56:04 PM)
[2016.09.30-11.56.04:605][183]LogPlayLevel: Creating play world package: /Game/UEDPIE_0_MainMap
[2016.09.30-11.56.04:629][183]LogPlayLevel: PIE: StaticDuplicateObject took: (0.023599s)
[2016.09.30-11.56.04:629][183]LogAIModule: Creating AISystem for world MainMap
[2016.09.30-11.56.04:630][183]LogPlayLevel: PIE: World Init took: (0.001026s)
[2016.09.30-11.56.04:630][183]LogPlayLevel: PIE: Created PIE world by copying editor world from /Game/MainMap.MainMap to /Game/UEDPIE_0_MainMap.MainMap (0.024896s)
[2016.09.30-11.56.04:657][183]LogInit: XAudio2 using 'BenQ XL2420TX-C (NVIDIA High Definition Audio)' : 2 channels at 48 kHz using 16 bits per sample (channel mask 0x3)
[2016.09.30-11.56.04:668][183]LogInit: FAudioDevice initialized.
[2016.09.30-11.56.04:708][183]LogWorld: Game class is 'ThirdPersonGameMode_C'
[2016.09.30-11.56.04:718][183]LogWorld: Bringing World /Game/UEDPIE_0_MainMap.MainMap up for play (max tick rate 0) at 2016.09.30-13.56.04
[2016.09.30-11.56.04:719][183]LogWorld: Bringing up level for play took: 0.008890
[2016.09.30-11.56.04:721][183]LogGameMode:Display: Match State Changed from EnteringMap to WaitingToStart
[2016.09.30-11.56.04:721][183]LogGameState: Match State Changed from EnteringMap to WaitingToStart
[2016.09.30-11.56.04:721][183]LogGameMode:Display: Match State Changed from WaitingToStart to InProgress
[2016.09.30-11.56.04:722][183]LogGameState: Match State Changed from WaitingToStart to InProgress
[2016.09.30-11.56.04:722][183]PIE: Info Play in editor start time for /Game/UEDPIE_0_MainMap -0.464
[2016.09.30-11.56.04:723][183]LogBlueprintUserMessages: Late PlayInEditor Detection: Level '/Game/MainMap.MainMap:PersistentLevel' has LevelScriptBlueprint '/Game/MainMap.MainMap:PersistentLevel.MainMap' with GeneratedClass '/Game/MainMap.MainMap_C' with ClassGeneratedBy '/Game/MainMap.MainMap:PersistentLevel.MainMap'
[2016.09.30-11.56.11:144][429]LogBlueprintUserMessages: Early EndPlayMap Detection: Level '/Game/MainMap.MainMap:PersistentLevel' has LevelScriptBlueprint '/Game/MainMap.MainMap:PersistentLevel.MainMap' with GeneratedClass '/Game/MainMap.MainMap_C' with ClassGeneratedBy '/Game/MainMap.MainMap:PersistentLevel.MainMap'
[2016.09.30-11.56.11:197][429]LogBlueprintUserMessages: Late EndPlayMap Detection: Level '/Game/MainMap.MainMap:PersistentLevel' has LevelScriptBlueprint '/Game/MainMap.MainMap:PersistentLevel.MainMap' with GeneratedClass '/Game/MainMap.MainMap_C' with ClassGeneratedBy '/Game/MainMap.MainMap:PersistentLevel.MainMap'
[2016.09.30-11.56.38:857][471]LogBlueprintUserMessages: Early PlayInEditor Detection: Level '/Game/MainMap.MainMap:PersistentLevel' has LevelScriptBlueprint '/Game/MainMap.MainMap:PersistentLevel.MainMap' with GeneratedClass '/Game/MainMap.MainMap_C' with ClassGeneratedBy '/Game/MainMap.MainMap:PersistentLevel.MainMap'
[2016.09.30-11.56.38:857][471]LogPlayLevel: PlayLevel: No blueprints needed recompiling
[2016.09.30-11.56.38:857][471]PIE: New page: PIE session: MainMap (Sep 30, 2016, 2:56:38 PM)
[2016.09.30-11.56.38:857][471]LogPlayLevel: Creating play world package: /Game/UEDPIE_0_MainMap
[2016.09.30-11.56.38:889][471]LogPlayLevel: PIE: StaticDuplicateObject took: (0.031676s)
[2016.09.30-11.56.38:890][471]LogAIModule: Creating AISystem for world MainMap
[2016.09.30-11.56.38:890][471]LogPlayLevel: PIE: World Init took: (0.001289s)
[2016.09.30-11.56.38:890][471]LogPlayLevel: PIE: Created PIE world by copying editor world from /Game/MainMap.MainMap to /Game/UEDPIE_0_MainMap.MainMap (0.033289s)
[2016.09.30-11.56.38:913][471]LogInit: XAudio2 using 'BenQ XL2420TX-C (NVIDIA High Definition Audio)' : 2 channels at 48 kHz using 16 bits per sample (channel mask 0x3)
[2016.09.30-11.56.38:922][471]LogInit: FAudioDevice initialized.
[2016.09.30-11.56.38:994][471]LogWorld: Game class is 'ThirdPersonGameMode_C'
[2016.09.30-11.56.39:006][471]LogWorld: Bringing World /Game/UEDPIE_0_MainMap.MainMap up for play (max tick rate 0) at 2016.09.30-13.56.39
[2016.09.30-11.56.39:007][471]LogWorld: Bringing up level for play took: 0.010280
[2016.09.30-11.56.39:008][471]LogGameMode:Display: Match State Changed from EnteringMap to WaitingToStart
[2016.09.30-11.56.39:008][471]LogGameState: Match State Changed from EnteringMap to WaitingToStart
[2016.09.30-11.56.39:009][471]LogGameMode:Display: Match State Changed from WaitingToStart to InProgress
[2016.09.30-11.56.39:009][471]LogGameState: Match State Changed from WaitingToStart to InProgress
[2016.09.30-11.56.39:017][471]PIE: Info Play in editor start time for /Game/UEDPIE_0_MainMap -0.168
[2016.09.30-11.56.39:018][471]LogBlueprintUserMessages: Late PlayInEditor Detection: Level '/Game/MainMap.MainMap:PersistentLevel' has LevelScriptBlueprint '/Game/MainMap.MainMap:PersistentLevel.MainMap' with GeneratedClass '/Game/MainMap.MainMap_C' with ClassGeneratedBy '/Game/MainMap.MainMap:PersistentLevel.MainMap'
[2016.09.30-11.56.39:517][471]LogRenderer: Reallocating scene render targets to support 1292x756 (Frame:7529).
[2016.09.30-11.56.41:841][537]LogBlueprintUserMessages: Early EndPlayMap Detection: Level '/Game/MainMap.MainMap:PersistentLevel' has LevelScriptBlueprint '/Game/MainMap.MainMap:PersistentLevel.MainMap' with GeneratedClass '/Game/MainMap.MainMap_C' with ClassGeneratedBy '/Game/MainMap.MainMap:PersistentLevel.MainMap'
[2016.09.30-11.56.41:873][537]LogBlueprintUserMessages: Late EndPlayMap Detection: Level '/Game/MainMap.MainMap:PersistentLevel' has LevelScriptBlueprint '/Game/MainMap.MainMap:PersistentLevel.MainMap' with GeneratedClass '/Game/MainMap.MainMap_C' with ClassGeneratedBy '/Game/MainMap.MainMap:PersistentLevel.MainMap'
[2016.09.30-11.56.44:685][727]LogBlueprintUserMessages: Early PlayInEditor Detection: Level '/Game/MainMap.MainMap:PersistentLevel' has LevelScriptBlueprint '/Game/MainMap.MainMap:PersistentLevel.MainMap' with GeneratedClass '/Game/MainMap.MainMap_C' with ClassGeneratedBy '/Game/MainMap.MainMap:PersistentLevel.MainMap'
[2016.09.30-11.56.44:685][727]LogPlayLevel: PlayLevel: No blueprints needed recompiling
[2016.09.30-11.56.44:685][727]PIE: New page: PIE session: MainMap (Sep 30, 2016, 2:56:44 PM)
[2016.09.30-11.56.44:685][727]LogPlayLevel: Creating play world package: /Game/UEDPIE_0_MainMap
[2016.09.30-11.56.44:704][727]LogPlayLevel: PIE: StaticDuplicateObject took: (0.018585s)
[2016.09.30-11.56.44:705][727]LogAIModule: Creating AISystem for world MainMap
[2016.09.30-11.56.44:705][727]LogPlayLevel: PIE: World Init took: (0.001038s)
[2016.09.30-11.56.44:705][727]LogPlayLevel: PIE: Created PIE world by copying editor world from /Game/MainMap.MainMap to /Game/UEDPIE_0_MainMap.MainMap (0.019895s)
[2016.09.30-11.56.44:724][727]LogInit: XAudio2 using 'BenQ XL2420TX-C (NVIDIA High Definition Audio)' : 2 channels at 48 kHz using 16 bits per sample (channel mask 0x3)
[2016.09.30-11.56.44:735][727]LogInit: FAudioDevice initialized.
[2016.09.30-11.56.44:768][727]LogWorld: Game class is 'ThirdPersonGameMode_C'
[2016.09.30-11.56.44:788][727]LogWorld: Bringing World /Game/UEDPIE_0_MainMap.MainMap up for play (max tick rate 0) at 2016.09.30-13.56.44
[2016.09.30-11.56.44:790][727]LogWorld: Bringing up level for play took: 0.018501
[2016.09.30-11.56.44:791][727]LogGameMode:Display: Match State Changed from EnteringMap to WaitingToStart
[2016.09.30-11.56.44:791][727]LogGameState: Match State Changed from EnteringMap to WaitingToStart
[2016.09.30-11.56.44:791][727]LogGameMode:Display: Match State Changed from WaitingToStart to InProgress
[2016.09.30-11.56.44:792][727]LogGameState: Match State Changed from WaitingToStart to InProgress
[2016.09.30-11.56.44:792][727]PIE: Info Play in editor start time for /Game/UEDPIE_0_MainMap -0.393
[2016.09.30-11.56.44:792][727]LogBlueprintUserMessages: Late PlayInEditor Detection: Level '/Game/MainMap.MainMap:PersistentLevel' has LevelScriptBlueprint '/Game/MainMap.MainMap:PersistentLevel.MainMap' with GeneratedClass '/Game/MainMap.MainMap_C' with ClassGeneratedBy '/Game/MainMap.MainMap:PersistentLevel.MainMap'
[2016.09.30-11.56.48:427][849]Cmd: LevelEditor.ToggleImmersive
[2016.09.30-11.56.49:028][850]LogRenderer: Reallocating scene render targets to support 1800x996 (Frame:7772).
[2016.09.30-11.56.49:287][852]LogRenderer: Reallocating scene render targets to support 1920x1040 (Frame:7774).
[2016.09.30-11.57.16:768][398]LogBlueprintUserMessages: Early EndPlayMap Detection: Level '/Game/MainMap.MainMap:PersistentLevel' has LevelScriptBlueprint '/Game/MainMap.MainMap:PersistentLevel.MainMap' with GeneratedClass '/Game/MainMap.MainMap_C' with ClassGeneratedBy '/Game/MainMap.MainMap:PersistentLevel.MainMap'
[2016.09.30-11.57.16:888][398]LogBlueprintUserMessages: Late EndPlayMap Detection: Level '/Game/MainMap.MainMap:PersistentLevel' has LevelScriptBlueprint '/Game/MainMap.MainMap:PersistentLevel.MainMap' with GeneratedClass '/Game/MainMap.MainMap_C' with ClassGeneratedBy '/Game/MainMap.MainMap:PersistentLevel.MainMap'
[2016.09.30-11.57.21:700][526]LogEditorViewport: Clicking on Actor (LMB): DirectionalLight (Light Source)
[2016.09.30-11.57.26:434][695]LogEditorViewport: Clicking on Actor (LMB): StaticMeshActor (CubeMesh)
[2016.09.30-11.57.45:754][341]MapCheck: New page: Map Check
[2016.09.30-11.57.45:817][341]LightingResults: New page: Lighting Build - Sep 30, 2016, 2:57:45 PM
[2016.09.30-11.57.45:925][341]LogSwarmInterface: [OpenConnection] Registering TCP channel ...
[2016.09.30-11.57.45:991][341]LogSwarmInterface: [OpenConnection] Connecting to agent ...
[2016.09.30-11.57.46:023][341]LogSwarmInterface: [TryOpenConnection] Testing the Agent
[2016.09.30-11.57.46:550][341]LogSwarmInterface: [TryOpenConnection] Opening Connection to Agent
[2016.09.30-11.57.46:550][341]LogSwarmInterface: [TryOpenConnection] Local Process ID is 164
[2016.09.30-11.57.50:565][341]LogStaticLightingSystem: Running Lightmass w/ ImmediateImport mode ENABLED
[2016.09.30-11.57.50:565][341]LogStaticLightingSystem: Running Lightmass w/ ImmediateProcess mode ENABLED
[2016.09.30-11.57.50:565][341]LogStaticLightingSystem: Running Lightmass w/ Sorting mode ENABLED
[2016.09.30-11.57.50:565][341]LogStaticLightingSystem: Running Lightmass w/ Mapping paddings ENABLED
[2016.09.30-11.57.50:565][341]LogStaticLightingSystem: Running Lightmass w/ Mapping debug paddings DISABLED
[2016.09.30-11.57.51:004][341]LogEditorBuildUtils: Build time 0:05
[2016.09.30-11.57.51:008][341]LogMaterial: Missing cached shader map for material FLightmassMaterialRenderer MaterialInstanceDynamic_0, compiling. 
[2016.09.30-11.57.51:014][341]LogMaterial: Missing cached shader map for material FLightmassMaterialRenderer MaterialInstanceDynamic_0, compiling. 
[2016.09.30-11.57.51:036][342]LogMaterial: Missing cached shader map for material FLightmassMaterialRenderer RampMaterial, compiling. 
[2016.09.30-11.57.51:046][342]LogMaterial: Missing cached shader map for material FLightmassMaterialRenderer RampMaterial, compiling. 
[2016.09.30-11.57.51:121][343]LogMaterial: Missing cached shader map for material FLightmassMaterialRenderer CubeMaterial, compiling. 
[2016.09.30-11.57.51:128][343]LogMaterial: Missing cached shader map for material FLightmassMaterialRenderer CubeMaterial, compiling. 
[2016.09.30-11.57.51:154][344]LogMaterial: Missing cached shader map for material FLightmassMaterialRenderer FloorMaterial, compiling. 
[2016.09.30-11.57.51:164][344]LogMaterial: Missing cached shader map for material FLightmassMaterialRenderer FloorMaterial, compiling. 
[2016.09.30-11.57.51:253][345]LogMaterial: Missing cached shader map for material FLightmassMaterialRenderer WorldGridMaterial, compiling. Is special engine material.
[2016.09.30-11.57.51:261][345]LogMaterial: Missing cached shader map for material FLightmassMaterialRenderer WorldGridMaterial, compiling. Is special engine material.
[2016.09.30-11.57.57:783][539]Job is a success!
[2016.09.30-11.57.58:719][540]LogTexture:Display: Building textures: SkyOcclusion1_1 (AutoDXT)
[2016.09.30-11.57.58:719][540]LogTexture:Display: Building textures: HQ_Lightmap0_1 (AutoDXT)
[2016.09.30-11.57.58:719][540]LogTexture:Display: Building textures: LQ_Lightmap_1_1 (DXT1)
[2016.09.30-11.57.58:719][540]LogTexture:Display: Building textures: SkyOcclusion1_2 (AutoDXT)
[2016.09.30-11.57.58:719][540]LogTexture:Display: Building textures: HQ_Lightmap0_2 (AutoDXT)
[2016.09.30-11.57.58:719][540]LogTexture:Display: Building textures: SkyOcclusion1_3 (AutoDXT)
[2016.09.30-11.57.58:719][540]LogTexture:Display: Building textures: LQ_Lightmap_1_3 (DXT1)
[2016.09.30-11.57.58:719][540]LogTexture:Display: Building textures: HQ_Lightmap0_3 (AutoDXT)
[2016.09.30-11.57.58:719][540]LogTexture:Display: Building textures: LQ_Lightmap_1_2 (DXT1)
[2016.09.30-11.57.59:501][540]LogTexture:Display: Building textures: ShadowMapTexture2D_0 (G8)
[2016.09.30-11.57.59:501][540]LogTexture:Display: Building textures: ShadowMapTexture2D_1 (G8)
[2016.09.30-11.57.59:532][540]Lightmass on K0024: 6.13 sec total, 81 ms importing, 3 ms setup, 1.28 sec photons, 4.75 sec processing, 0 ms extra exporting [13/13 mappings]. Threads: 51.7 sec total, 12.1 sec processing.
[2016.09.30-11.57.59:638][540]LogStaticLightingSystem: Illumination: 13.7 sec (535 ms encoding lightmaps, 777 ms encoding shadowmaps)
[2016.09.30-11.57.59:638][540]LogStaticLightingSystem: Lightmap texture memory:  3.3 MB (3.3 MB streaming, 0.0 MB non-streaming), 6 textures
[2016.09.30-11.57.59:638][540]LogStaticLightingSystem: Shadowmap texture memory: 2.7 MB (2.7 MB streaming, 0.0 MB non-streaming), 2 textures
[2016.09.30-11.58.04:586][541]Cmd: MAP CHECK NOTIFYRESULTS
[2016.09.30-11.58.04:587][541]MapCheck: New page: MainMap - Sep 30, 2016, 2:58:04 PM
[2016.09.30-11.58.04:710][541]MapCheck: Info Map check complete: 0 Error(s), 0 Warning(s), took 123.275ms to complete.
[2016.09.30-11.58.16:925][973]LogBlueprintUserMessages: Early PlayInEditor Detection: Level '/Game/MainMap.MainMap:PersistentLevel' has LevelScriptBlueprint '/Game/MainMap.MainMap:PersistentLevel.MainMap' with GeneratedClass '/Game/MainMap.MainMap_C' with ClassGeneratedBy '/Game/MainMap.MainMap:PersistentLevel.MainMap'
[2016.09.30-11.58.16:925][973]LogPlayLevel: PlayLevel: No blueprints needed recompiling
[2016.09.30-11.58.16:925][973]PIE: New page: PIE session: MainMap (Sep 30, 2016, 2:58:16 PM)
[2016.09.30-11.58.16:925][973]LogPlayLevel: Creating play world package: /Game/UEDPIE_0_MainMap
[2016.09.30-11.58.16:946][973]LogPlayLevel: PIE: StaticDuplicateObject took: (0.020599s)
[2016.09.30-11.58.16:947][973]LogAIModule: Creating AISystem for world MainMap
[2016.09.30-11.58.16:947][973]LogPlayLevel: PIE: World Init took: (0.001076s)
[2016.09.30-11.58.16:947][973]LogPlayLevel: PIE: Created PIE world by copying editor world from /Game/MainMap.MainMap to /Game/UEDPIE_0_MainMap.MainMap (0.021956s)
[2016.09.30-11.58.16:976][973]LogInit: XAudio2 using 'BenQ XL2420TX-C (NVIDIA High Definition Audio)' : 2 channels at 48 kHz using 16 bits per sample (channel mask 0x3)
[2016.09.30-11.58.16:990][973]LogInit: FAudioDevice initialized.
[2016.09.30-11.58.17:027][973]LogWorld: Game class is 'ThirdPersonGameMode_C'
[2016.09.30-11.58.17:036][973]LogWorld: Bringing World /Game/UEDPIE_0_MainMap.MainMap up for play (max tick rate 0) at 2016.09.30-13.58.17
[2016.09.30-11.58.17:037][973]LogWorld: Bringing up level for play took: 0.007760
[2016.09.30-11.58.17:038][973]LogGameMode:Display: Match State Changed from EnteringMap to WaitingToStart
[2016.09.30-11.58.17:038][973]LogGameState: Match State Changed from EnteringMap to WaitingToStart
[2016.09.30-11.58.17:038][973]LogGameMode:Display: Match State Changed from WaitingToStart to InProgress
[2016.09.30-11.58.17:038][973]LogGameState: Match State Changed from WaitingToStart to InProgress
[2016.09.30-11.58.17:038][973]PIE: Info Play in editor start time for /Game/UEDPIE_0_MainMap -0.143
[2016.09.30-11.58.17:039][973]LogBlueprintUserMessages: Late PlayInEditor Detection: Level '/Game/MainMap.MainMap:PersistentLevel' has LevelScriptBlueprint '/Game/MainMap.MainMap:PersistentLevel.MainMap' with GeneratedClass '/Game/MainMap.MainMap_C' with ClassGeneratedBy '/Game/MainMap.MainMap:PersistentLevel.MainMap'
[2016.09.30-12.01.20:896][316]LogBlueprintUserMessages: Early EndPlayMap Detection: Level '/Game/MainMap.MainMap:PersistentLevel' has LevelScriptBlueprint '/Game/MainMap.MainMap:PersistentLevel.MainMap' with GeneratedClass '/Game/MainMap.MainMap_C' with ClassGeneratedBy '/Game/MainMap.MainMap:PersistentLevel.MainMap'
[2016.09.30-12.01.20:994][316]LogBlueprintUserMessages: Late EndPlayMap Detection: Level '/Game/MainMap.MainMap:PersistentLevel' has LevelScriptBlueprint '/Game/MainMap.MainMap:PersistentLevel.MainMap' with GeneratedClass '/Game/MainMap.MainMap_C' with ClassGeneratedBy '/Game/MainMap.MainMap:PersistentLevel.MainMap'
[2016.09.30-12.07.50:663][502]Cmd: OBJ SAVEPACKAGE PACKAGE="/Game/MainMap" FILE="../../../../../../Work_Robert/UnrealProjects/AttachBugScene/Saved/Autosaves/Game/MainMap_Auto1.umap" SILENT=true AUTOSAVING=true KEEPDIRTY=false
[2016.09.30-12.07.51:204][502]LogSavePackage: Save=460.94ms
[2016.09.30-12.07.51:206][502]LogSavePackage: Moving '../../../../../../Work_Robert/UnrealProjects/AttachBugScene/Saved/MainMap_Auto10DE2DBF346FB7676AFC674A62EBC0B49.tmp' to '../../../../../../Work_Robert/UnrealProjects/AttachBugScene/Saved/Autosaves/Game/MainMap_Auto1.umap'
[2016.09.30-12.07.51:206][502]LogSavePackage:Display: Finished SavePackage ../../../../../../Work_Robert/UnrealProjects/AttachBugScene/Saved/Autosaves/Game/MainMap_Auto1.umap
[2016.09.30-12.07.51:213][502]LogFileHelpers: Editor autosave (incl. sublevels) for '/Game/MainMap' took 0.559
[2016.09.30-12.07.51:213][502]LogFileHelpers: Editor autosave (incl. sublevels) for all levels took 0.559
[2016.09.30-12.09.06:794][937]LogEditorViewport: Clicking on Actor (LMB): StaticMeshActor (LeftArm_StaticMesh)
[2016.09.30-12.09.07:635][955]LogEditorViewport: Clicking on Actor (LMB): StaticMeshActor (CubeMesh2)
[2016.09.30-12.09.08:110][968]Cmd: DELETE
[2016.09.30-12.09.08:110][968]Cmd: ACTOR DELETE
[2016.09.30-12.09.08:111][968]LogEditorActor: Deleted Actor: StaticMeshActor
[2016.09.30-12.09.08:148][968]LogEditorActor: Deleted 1 Actors (0.038 secs)
[2016.09.30-12.09.12:102][ 99]MapCheck: New page: Map Check
[2016.09.30-12.09.12:168][ 99]LightingResults: New page: Lighting Build - Sep 30, 2016, 3:09:12 PM
[2016.09.30-12.09.12:196][ 99]LogSwarmInterface: [OpenConnection] Registering TCP channel ...
[2016.09.30-12.09.12:198][ 99]LogSwarmInterface: [OpenConnection] Connecting to agent ...
[2016.09.30-12.09.12:198][ 99]LogSwarmInterface: [TryOpenConnection] Testing the Agent
[2016.09.30-12.09.12:200][ 99]LogSwarmInterface: [TryOpenConnection] Opening Connection to Agent
[2016.09.30-12.09.12:201][ 99]LogSwarmInterface: [TryOpenConnection] Local Process ID is 164
[2016.09.30-12.09.16:721][ 99]LogStaticLightingSystem: Running Lightmass w/ ImmediateImport mode ENABLED
[2016.09.30-12.09.16:721][ 99]LogStaticLightingSystem: Running Lightmass w/ ImmediateProcess mode ENABLED
[2016.09.30-12.09.16:722][ 99]LogStaticLightingSystem: Running Lightmass w/ Sorting mode ENABLED
[2016.09.30-12.09.16:722][ 99]LogStaticLightingSystem: Running Lightmass w/ Mapping paddings ENABLED
[2016.09.30-12.09.16:722][ 99]LogStaticLightingSystem: Running Lightmass w/ Mapping debug paddings DISABLED
[2016.09.30-12.09.17:208][ 99]LogEditorBuildUtils: Build time 0:05
[2016.09.30-12.09.22:606][264]Job is a success!
[2016.09.30-12.09.23:525][265]LogTexture:Display: Building textures: SkyOcclusion0_1 (AutoDXT)
[2016.09.30-12.09.23:525][265]LogTexture:Display: Building textures: HQ_Lightmap1_1 (AutoDXT)
[2016.09.30-12.09.23:525][265]LogTexture:Display: Building textures: LQ_Lightmap_0_1 (DXT1)
[2016.09.30-12.09.23:525][265]LogTexture:Display: Building textures: SkyOcclusion0_2 (AutoDXT)
[2016.09.30-12.09.23:525][265]LogTexture:Display: Building textures: HQ_Lightmap1_2 (AutoDXT)
[2016.09.30-12.09.23:525][265]LogTexture:Display: Building textures: HQ_Lightmap1_3 (AutoDXT)
[2016.09.30-12.09.23:525][265]LogTexture:Display: Building textures: SkyOcclusion0_3 (AutoDXT)
[2016.09.30-12.09.23:525][265]LogTexture:Display: Building textures: LQ_Lightmap_0_2 (DXT1)
[2016.09.30-12.09.23:525][265]LogTexture:Display: Building textures: LQ_Lightmap_0_3 (DXT1)
[2016.09.30-12.09.24:477][265]LogTexture:Display: Building textures: ShadowMapTexture2D_2 (G8)
[2016.09.30-12.09.24:477][265]LogTexture:Display: Building textures: ShadowMapTexture2D_3 (G8)
[2016.09.30-12.09.24:498][265]Lightmass on K0024: 6.37 sec total, 82 ms importing, 4 ms setup, 1.40 sec photons, 4.85 sec processing, 0 ms extra exporting [12/12 mappings]. Threads: 52.8 sec total, 12.1 sec processing.
[2016.09.30-12.09.24:587][265]LogStaticLightingSystem: Illumination: 12.3 sec (525 ms encoding lightmaps, 946 ms encoding shadowmaps)
[2016.09.30-12.09.24:587][265]LogStaticLightingSystem: Lightmap texture memory:  3.3 MB (3.3 MB streaming, 0.0 MB non-streaming), 6 textures
[2016.09.30-12.09.24:587][265]LogStaticLightingSystem: Shadowmap texture memory: 2.7 MB (2.7 MB streaming, 0.0 MB non-streaming), 2 textures
[2016.09.30-12.09.24:737][266]Cmd: MAP CHECK NOTIFYRESULTS
[2016.09.30-12.09.24:737][266]MapCheck: New page: MainMap - Sep 30, 2016, 3:09:24 PM
[2016.09.30-12.09.24:795][266]MapCheck: Info Map check complete: 0 Error(s), 0 Warning(s), took 58.131ms to complete.
[2016.09.30-12.09.44:500][922]LogEditorViewport: Clicking on Actor (LMB): BP_Sky_Sphere_C (SkySphereBlueprint)
[2016.09.30-12.10.03:188][454]Cmd: OBJ SAVEPACKAGE PACKAGE="/Game/MainMap" FILE="../../../../../../Work_Robert/UnrealProjects/AttachBugScene/Content/MainMap.umap" SILENT=true AUTOSAVING=false KEEPDIRTY=false
[2016.09.30-12.10.03:652][454]LogSavePackage: Save=447.84ms
[2016.09.30-12.10.03:652][454]LogSavePackage: Moving '../../../../../../Work_Robert/UnrealProjects/AttachBugScene/Saved/MainMap15349B394A31E1ABD5933795E7C4081A.tmp' to '../../../../../../Work_Robert/UnrealProjects/AttachBugScene/Content/MainMap.umap'
[2016.09.30-12.10.03:656][454]LogSavePackage:Display: Finished SavePackage ../../../../../../Work_Robert/UnrealProjects/AttachBugScene/Content/MainMap.umap
[2016.09.30-12.10.03:683][454]LogFileHelpers: Saving map 'MainMap' took 0.581
[2016.09.30-12.10.03:959][455]Cmd: QUIT_EDITOR
[2016.09.30-12.10.04:038][455]LogExit: Preparing to exit.
[2016.09.30-12.10.04:542][455]LogDirectoryWatcher: A directory notification for 'D:/Work_Robert/UnrealProjects/AttachBugScene/Content/' was aborted.
[2016.09.30-12.10.04:567][455]LogExit: Editor shut down
[2016.09.30-12.10.04:568][455]LogExit: Transaction tracking system shut down
[2016.09.30-12.10.04:729][455]LogObj: Freed 0b from 0 cluster array pools.
[2016.09.30-12.10.04:729][455]LogExit: Object subsystem successfully closed.
[2016.09.30-12.10.04:749][455]LogD3D11RHI: Shutdown
[2016.09.30-12.10.04:749][455]LogD3D11RHI: CleanupD3DDevice
[2016.09.30-12.10.04:847][455]LogD3D11RHI: ~FD3D11DynamicRHI
[2016.09.30-12.10.04:857][455]LogModuleManager: Shutting down and abandoning module MovieSceneCapture (236)
[2016.09.30-12.10.04:857][455]LogModuleManager: Shutting down and abandoning module MaterialEditor (235)
[2016.09.30-12.10.04:857][455]LogModuleManager: Shutting down and abandoning module HierarchicalLODOutliner (234)
[2016.09.30-12.10.04:857][455]LogModuleManager: Shutting down and abandoning module CrashTracker (233)
[2016.09.30-12.10.04:857][455]LogModuleManager: Shutting down and abandoning module WorldBrowser (232)
[2016.09.30-12.10.04:858][455]LogModuleManager: Shutting down and abandoning module WidgetCarousel (231)
[2016.09.30-12.10.04:858][455]LogModuleManager: Shutting down and abandoning module AddContentDialog (230)
[2016.09.30-12.10.04:858][455]LogDirectoryWatcher: A directory notification for 'D:/Program Files/Epic Games/4.13/FeaturePacks/' was aborted.
[2016.09.30-12.10.04:859][455]LogModuleManager: Shutting down and abandoning module GameplayTags (229)
[2016.09.30-12.10.04:859][455]LogModuleManager: Shutting down and abandoning module EditorWidgets (228)
[2016.09.30-12.10.04:859][455]LogModuleManager: Shutting down and abandoning module CollectionManager (227)
[2016.09.30-12.10.04:859][455]LogDirectoryWatcher: A directory notification for 'D:/Work_Robert/UnrealProjects/AttachBugScene/Content/Collections/' was aborted.
[2016.09.30-12.10.04:859][455]LogDirectoryWatcher: A directory notification for 'D:/Work_Robert/UnrealProjects/AttachBugScene/Content/Developers/rslabon/Collections/' was aborted.
[2016.09.30-12.10.04:859][455]LogDirectoryWatcher: A directory notification for 'D:/Work_Robert/UnrealProjects/AttachBugScene/Saved/Collections/' was aborted.
[2016.09.30-12.10.04:859][455]LogModuleManager: Shutting down and abandoning module SceneOutliner (226)
[2016.09.30-12.10.04:860][455]LogModuleManager: Shutting down and abandoning module StatsViewer (225)
[2016.09.30-12.10.04:860][455]LogModuleManager: Shutting down and abandoning module FoliageEdit (224)
[2016.09.30-12.10.04:860][455]LogModuleManager: Shutting down and abandoning module LandscapeEditor (223)
[2016.09.30-12.10.04:860][455]LogModuleManager: Shutting down and abandoning module SceneDepthPickerMode (222)
[2016.09.30-12.10.04:860][455]LogModuleManager: Shutting down and abandoning module ActorPickerMode (221)
[2016.09.30-12.10.04:860][455]LogModuleManager: Shutting down and abandoning module GeometryMode (220)
[2016.09.30-12.10.04:860][455]LogModuleManager: Shutting down and abandoning module TextureAlignMode (219)
[2016.09.30-12.10.04:860][455]LogModuleManager: Shutting down and abandoning module BspMode (218)
[2016.09.30-12.10.04:860][455]LogModuleManager: Shutting down and abandoning module HardwareSurvey (217)
[2016.09.30-12.10.04:860][455]LogModuleManager: Shutting down and abandoning module SequenceRecorderSections (216)
[2016.09.30-12.10.04:860][455]LogModuleManager: Shutting down and abandoning module SequenceRecorder (215)
[2016.09.30-12.10.04:860][455]LogModuleManager: Shutting down and abandoning module AutomationWorker (214)
[2016.09.30-12.10.04:860][455]LogModuleManager: Shutting down and abandoning module MatineeToLevelSequence (213)
[2016.09.30-12.10.04:860][455]LogModuleManager: Shutting down and abandoning module PlacementMode (212)
[2016.09.30-12.10.04:860][455]LogModuleManager: Shutting down and abandoning module LevelSequenceEditor (211)
[2016.09.30-12.10.04:860][455]LogModuleManager: Shutting down and abandoning module WmfMediaFactory (210)
[2016.09.30-12.10.04:860][455]LogModuleManager: Shutting down and abandoning module WmfMediaEditor (209)
[2016.09.30-12.10.04:860][455]LogModuleManager: Shutting down and abandoning module AvfMediaFactory (208)
[2016.09.30-12.10.04:860][455]LogModuleManager: Shutting down and abandoning module AvfMediaEditor (207)
[2016.09.30-12.10.04:860][455]LogModuleManager: Shutting down and abandoning module Media (206)
[2016.09.30-12.10.04:860][455]LogModuleManager: Shutting down and abandoning module AndroidMediaFactory (205)
[2016.09.30-12.10.04:860][455]LogModuleManager: Shutting down and abandoning module AndroidMediaEditor (204)
[2016.09.30-12.10.04:860][455]LogModuleManager: Shutting down and abandoning module CharacterAI (203)
[2016.09.30-12.10.04:860][455]LogModuleManager: Shutting down and abandoning module SmartSnapping (202)
[2016.09.30-12.10.04:860][455]LogModuleManager: Shutting down and abandoning module SessionServices (201)
[2016.09.30-12.10.04:860][455]LogModuleManager: Shutting down and abandoning module ViewportSnapping (200)
[2016.09.30-12.10.04:860][455]LogModuleManager: Shutting down and abandoning module ViewportInteraction (199)
[2016.09.30-12.10.04:860][455]LogModuleManager: Shutting down and abandoning module LogVisualizer (198)
[2016.09.30-12.10.04:861][455]LogModuleManager: Shutting down and abandoning module GameProjectGeneration (197)
[2016.09.30-12.10.04:861][455]LogModuleManager: Shutting down and abandoning module IntroTutorials (196)
[2016.09.30-12.10.04:861][455]LogModuleManager: Shutting down and abandoning module EditorLiveStreaming (195)
[2016.09.30-12.10.04:861][455]LogModuleManager: Shutting down and abandoning module IOSPlatformEditor (194)
[2016.09.30-12.10.04:861][455]LogModuleManager: Shutting down and abandoning module HTML5PlatformEditor (193)
[2016.09.30-12.10.04:861][455]LogModuleManager: Shutting down and abandoning module AndroidDeviceDetection (192)
[2016.09.30-12.10.04:874][455]LogModuleManager: Shutting down and abandoning module AndroidPlatformEditor (191)
[2016.09.30-12.10.04:874][455]LogModuleManager: Shutting down and abandoning module IOSRuntimeSettings (190)
[2016.09.30-12.10.04:874][455]LogModuleManager: Shutting down and abandoning module AndroidRuntimeSettings (189)
[2016.09.30-12.10.04:874][455]LogModuleManager: Shutting down and abandoning module NiagaraEditor (188)
[2016.09.30-12.10.04:874][455]LogModuleManager: Shutting down and abandoning module MergeActors (187)
[2016.09.30-12.10.04:874][455]LogModuleManager: Shutting down and abandoning module SizeMap (186)
[2016.09.30-12.10.04:875][455]LogModuleManager: Shutting down and abandoning module TreeMap (185)
[2016.09.30-12.10.04:875][455]LogModuleManager: Shutting down and abandoning module ReferenceViewer (184)
[2016.09.30-12.10.04:875][455]LogModuleManager: Shutting down and abandoning module LocalizationService (183)
[2016.09.30-12.10.04:875][455]LogModuleManager: Shutting down and abandoning module LocalizationDashboard (182)
[2016.09.30-12.10.04:875][455]LogModuleManager: Shutting down and abandoning module HardwareTargeting (181)
[2016.09.30-12.10.04:875][455]LogModuleManager: Shutting down and abandoning module DeviceProfileEditor (180)
[2016.09.30-12.10.04:875][455]LogModuleManager: Shutting down and abandoning module UndoHistory (179)
[2016.09.30-12.10.04:875][455]LogModuleManager: Shutting down and abandoning module UserFeedback (178)
[2016.09.30-12.10.04:875][455]LogModuleManager: Shutting down and abandoning module XmlParser (177)
[2016.09.30-12.10.04:875][455]LogModuleManager: Shutting down and abandoning module Blutility (176)
[2016.09.30-12.10.04:875][455]LogModuleManager: Shutting down and abandoning module ProjectTargetPlatformEditor (175)
[2016.09.30-12.10.04:875][455]LogModuleManager: Shutting down and abandoning module ProjectSettingsViewer (174)
[2016.09.30-12.10.04:875][455]LogModuleManager: Shutting down and abandoning module InputBindingEditor (173)
[2016.09.30-12.10.04:876][455]LogModuleManager: Shutting down and abandoning module EditorSettingsViewer (172)
[2016.09.30-12.10.04:876][455]LogModuleManager: Shutting down and abandoning module SettingsEditor (171)
[2016.09.30-12.10.04:876][455]LogModuleManager: Shutting down and abandoning module ProjectLauncher (170)
[2016.09.30-12.10.04:876][455]LogModuleManager: Shutting down and abandoning module SessionFrontend (169)
[2016.09.30-12.10.04:876][455]LogModuleManager: Shutting down and abandoning module ProfilerClient (168)
[2016.09.30-12.10.04:876][455]LogModuleManager: Shutting down and abandoning module TargetDeviceServices (167)
[2016.09.30-12.10.04:876][455]LogModuleManager: Shutting down and abandoning module DeviceManager (166)
[2016.09.30-12.10.04:906][455]LogModuleManager: Shutting down and abandoning module AutomationController (165)
[2016.09.30-12.10.04:906][455]LogModuleManager: Shutting down and abandoning module AutomationWindow (164)
[2016.09.30-12.10.04:906][455]LogModuleManager: Shutting down and abandoning module Layers (163)
[2016.09.30-12.10.04:906][455]LogModuleManager: Shutting down and abandoning module ComponentVisualizers (162)
[2016.09.30-12.10.04:906][455]LogModuleManager: Shutting down and abandoning module DetailCustomizations (161)
[2016.09.30-12.10.04:906][455]LogModuleManager: Shutting down and abandoning module PackagesDialog (160)
[2016.09.30-12.10.04:906][455]LogModuleManager: Shutting down and abandoning module AnimGraph (159)
[2016.09.30-12.10.04:906][455]LogModuleManager: Shutting down and abandoning module Persona (158)
[2016.09.30-12.10.04:906][455]LogModuleManager: Shutting down and abandoning module Kismet (157)
[2016.09.30-12.10.04:907][455]LogModuleManager: Shutting down and abandoning module GraphEditor (156)
[2016.09.30-12.10.04:907][455]LogModuleManager: Shutting down and abandoning module ClassViewer (155)
[2016.09.30-12.10.04:907][455]LogModuleManager: Shutting down and abandoning module Toolbox (154)
[2016.09.30-12.10.04:907][455]LogModuleManager: Shutting down and abandoning module ModuleUI (153)
[2016.09.30-12.10.04:907][455]LogModuleManager: Shutting down and abandoning module MovieSceneTools (152)
[2016.09.30-12.10.04:907][455]LogModuleManager: Shutting down and abandoning module OutputLog (151)
[2016.09.30-12.10.04:907][455]LogModuleManager: Shutting down and abandoning module GammaUI (150)
[2016.09.30-12.10.04:907][455]LogModuleManager: Shutting down and abandoning module Documentation (149)
[2016.09.30-12.10.04:907][455]LogModuleManager: Shutting down and abandoning module Niagara (148)
[2016.09.30-12.10.04:907][455]LogModuleManager: Shutting down and abandoning module StreamingPauseRendering (147)
[2016.09.30-12.10.04:907][455]LogModuleManager: Shutting down and abandoning module AnalyticsET (146)
[2016.09.30-12.10.04:907][455]LogModuleManager: Shutting down and abandoning module PortalServices (145)
[2016.09.30-12.10.04:907][455]LogModuleManager: Shutting down and abandoning module PortalRpc (144)
[2016.09.30-12.10.04:907][455]LogModuleManager: Shutting down and abandoning module MessagingRpc (143)
[2016.09.30-12.10.04:907][455]LogModuleManager: Shutting down and abandoning module GameplayDebugger (142)
[2016.09.30-12.10.04:907][455]LogModuleManager: Shutting down and abandoning module AITestSuite (141)
[2016.09.30-12.10.04:907][455]LogModuleManager: Shutting down and abandoning module AIModule (140)
[2016.09.30-12.10.04:907][455]LogModuleManager: Shutting down and abandoning module ProfilerService (139)
[2016.09.30-12.10.05:076][455]LogModuleManager: Shutting down and abandoning module TaskGraph (138)
[2016.09.30-12.10.05:076][455]LogModuleManager: Shutting down and abandoning module SlateRemote (137)
[2016.09.30-12.10.05:076][455]LogModuleManager: Shutting down and abandoning module SteamVRController (136)
[2016.09.30-12.10.05:076][455]LogModuleManager: Shutting down and abandoning module SteamVR (135)
[2016.09.30-12.10.05:076][455]LogModuleManager: Shutting down and abandoning module ProceduralMeshComponentEditor (134)
[2016.09.30-12.10.05:076][455]LogModuleManager: Shutting down and abandoning module ProceduralMeshComponent (133)
[2016.09.30-12.10.05:076][455]LogModuleManager: Shutting down and abandoning module OculusLibrary (132)
[2016.09.30-12.10.05:076][455]LogModuleManager: Shutting down and abandoning module OculusInput (131)
[2016.09.30-12.10.05:076][455]LogModuleManager: Shutting down and abandoning module CustomMeshComponent (130)
[2016.09.30-12.10.05:076][455]LogModuleManager: Shutting down and abandoning module CableComponent (129)
[2016.09.30-12.10.05:076][455]LogModuleManager: Shutting down and abandoning module ArchVisCharacter (128)
[2016.09.30-12.10.05:076][455]LogModuleManager: Shutting down and abandoning module MediaPlayerEditor (126)
[2016.09.30-12.10.05:076][455]LogModuleManager: Shutting down and abandoning module HTML5Networking (125)
[2016.09.30-12.10.05:076][455]LogModuleManager: Shutting down and abandoning module GeometryCacheEd (124)
[2016.09.30-12.10.05:076][455]LogModuleManager: Shutting down and abandoning module GeometryCache (123)
[2016.09.30-12.10.05:076][455]LogModuleManager: Shutting down and abandoning module AlembicLibrary (122)
[2016.09.30-12.10.05:076][455]LogModuleManager: Shutting down and abandoning module AlembicImporter (121)
[2016.09.30-12.10.05:076][455]LogModuleManager: Shutting down and abandoning module SuperSearch (120)
[2016.09.30-12.10.05:076][455]LogModuleManager: Shutting down and abandoning module SuperSearchEditor (119)
[2016.09.30-12.10.05:076][455]LogModuleManager: Shutting down and abandoning module SpeedTreeImporter (118)
[2016.09.30-12.10.05:076][455]LogModuleManager: Shutting down and abandoning module PluginBrowser (117)
[2016.09.30-12.10.05:076][455]LogModuleManager: Shutting down and abandoning module MobileLauncherProfileWizard (116)
[2016.09.30-12.10.05:076][455]LogModuleManager: Shutting down and abandoning module EpicSurvey (115)
[2016.09.30-12.10.05:076][455]LogModuleManager: Shutting down and abandoning module DesktopPlatform (114)
[2016.09.30-12.10.05:076][455]LogModuleManager: Shutting down and abandoning module VisualStudioSourceCodeAccess (113)
[2016.09.30-12.10.05:076][455]LogModuleManager: Shutting down and abandoning module UObjectPlugin (112)
[2016.09.30-12.10.05:076][455]LogModuleManager: Shutting down and abandoning module SubversionSourceControl (111)
[2016.09.30-12.10.05:076][455]LogModuleManager: Shutting down and abandoning module PerforceSourceControl (110)
[2016.09.30-12.10.05:076][455]LogModuleManager: Shutting down and abandoning module SourceControl (109)
[2016.09.30-12.10.05:077][455]LogModuleManager: Shutting down and abandoning module GitSourceControl (108)
[2016.09.30-12.10.05:077][455]LogModuleManager: Shutting down and abandoning module LightPropagationVolumeEditor (107)
[2016.09.30-12.10.05:077][455]LogModuleManager: Shutting down and abandoning module PaperTiledImporter (106)
[2016.09.30-12.10.05:077][455]LogModuleManager: Shutting down and abandoning module PaperSpriteSheetImporter (105)
[2016.09.30-12.10.05:077][455]LogModuleManager: Shutting down and abandoning module MeshPaint (104)
[2016.09.30-12.10.05:077][455]LogModuleManager: Shutting down and abandoning module FbxAutomationBuilderModule (103)
[2016.09.30-12.10.05:077][455]LogModuleManager: Shutting down and abandoning module PixelInspectorModule (102)
[2016.09.30-12.10.05:077][455]LogModuleManager: Shutting down and abandoning module HotReload (101)
[2016.09.30-12.10.05:077][455]LogModuleManager: Shutting down and abandoning module MainFrame (100)
[2016.09.30-12.10.05:077][455]LogModuleManager: Shutting down and abandoning module LevelEditor (99)
[2016.09.30-12.10.05:079][455]LogModuleManager: Shutting down and abandoning module ContentBrowser (98)
[2016.09.30-12.10.05:080][455]LogModuleManager: Shutting down and abandoning module Paper2DEditor (97)
[2016.09.30-12.10.05:080][455]LogModuleManager: Shutting down and abandoning module UdpMessaging (96)
[2016.09.30-12.10.05:180][455]LogModuleManager: Shutting down and abandoning module TcpMessaging (95)
[2016.09.30-12.10.05:388][455]LogModuleManager: Shutting down and abandoning module LightPropagationVolumeRuntime (94)
[2016.09.30-12.10.05:388][455]LogModuleManager: Shutting down and abandoning module Paper2D (93)
[2016.09.30-12.10.05:388][455]LogModuleManager: Shutting down and abandoning module WindowsMoviePlayer (92)
[2016.09.30-12.10.05:388][455]LogModuleManager: Shutting down and abandoning module WmfMedia (91)
[2016.09.30-12.10.05:389][455]LogModuleManager: Shutting down and abandoning module MediaAssets (90)
[2016.09.30-12.10.05:389][455]LogModuleManager: Shutting down and abandoning module GameLiveStreaming (89)
[2016.09.30-12.10.05:389][455]LogModuleManager: Shutting down and abandoning module GameplayTagsEditor (88)
[2016.09.30-12.10.05:389][455]LogModuleManager: Shutting down and abandoning module VREditor (87)
[2016.09.30-12.10.05:389][455]LogModuleManager: Shutting down and abandoning module GameplayTasksEditor (86)
[2016.09.30-12.10.05:389][455]LogModuleManager: Shutting down and abandoning module PropertyEditor (85)
[2016.09.30-12.10.05:389][455]LogModuleManager: Shutting down and abandoning module BehaviorTreeEditor (84)
[2016.09.30-12.10.05:389][455]LogModuleManager: Shutting down and abandoning module FunctionalTesting (83)
[2016.09.30-12.10.05:389][455]LogModuleManager: Shutting down and abandoning module CollisionAnalyzer (82)
[2016.09.30-12.10.05:390][455]LogModuleManager: Shutting down and abandoning module Sequencer (81)
[2016.09.30-12.10.05:390][455]LogModuleManager: Shutting down and abandoning module WorkspaceMenuStructure (80)
[2016.09.30-12.10.05:390][455]LogModuleManager: Shutting down and abandoning module MessageLog (79)
[2016.09.30-12.10.05:390][455]LogModuleManager: Shutting down and abandoning module AssetTools (78)
[2016.09.30-12.10.05:390][455]LogModuleManager: Shutting down and abandoning module UMGEditor (77)
[2016.09.30-12.10.05:390][455]LogModuleManager: Shutting down and abandoning module UMG (76)
[2016.09.30-12.10.05:390][455]LogModuleManager: Shutting down and abandoning module SlateReflector (75)
[2016.09.30-12.10.05:390][455]LogModuleManager: Shutting down and abandoning module Slate (74)
[2016.09.30-12.10.05:390][455]LogModuleManager: Shutting down and abandoning module EditorStyle (73)
[2016.09.30-12.10.05:398][455]LogModuleManager: Shutting down and abandoning module SourceCodeAccess (72)
[2016.09.30-12.10.05:398][455]LogModuleManager: Shutting down and abandoning module HeadMountedDisplay (71)
[2016.09.30-12.10.05:398][455]LogModuleManager: Shutting down and abandoning module XAudio2 (70)
[2016.09.30-12.10.05:398][455]LogModuleManager: Shutting down and abandoning module Networking (68)
[2016.09.30-12.10.05:398][455]LogModuleManager: Shutting down and abandoning module Core (67)
[2016.09.30-12.10.05:398][455]LogModuleManager: Shutting down and abandoning module DirectoryWatcher (66)
[2016.09.30-12.10.05:399][455]LogDirectoryWatcher: A directory notification for '../../../Engine/Content/' was aborted.
[2016.09.30-12.10.05:399][455]LogDirectoryWatcher: A directory notification for '../../../../../../Work_Robert/UnrealProjects/AttachBugScene/Content/' was aborted.
[2016.09.30-12.10.05:399][455]LogDirectoryWatcher: A directory notification for '../../../Engine/Plugins/2D/Paper2D/Content/' was aborted.
[2016.09.30-12.10.05:400][455]LogModuleManager: Shutting down and abandoning module AssetRegistry (65)
[2016.09.30-12.10.05:762][455]LogModuleManager: Shutting down and abandoning module KismetCompiler (64)
[2016.09.30-12.10.05:762][455]LogModuleManager: Shutting down and abandoning module PhysXFormats (63)
[2016.09.30-12.10.05:762][455]LogModuleManager: Shutting down and abandoning module MeshUtilities (62)
[2016.09.30-12.10.05:762][455]LogModuleManager: Shutting down and abandoning module DerivedDataCache (61)
[2016.09.30-12.10.05:845][455]LogDerivedDataCache: Shutdown
[2016.09.30-12.10.05:845][455]LogModuleManager: Shutting down and abandoning module VulkanShaderFormat (60)
[2016.09.30-12.10.05:845][455]LogModuleManager: Shutting down and abandoning module ShaderFormatOpenGL (59)
[2016.09.30-12.10.05:845][455]LogModuleManager: Shutting down and abandoning module ShaderFormatD3D (58)
[2016.09.30-12.10.05:845][455]LogModuleManager: Shutting down and abandoning module MetalShaderFormat (57)
[2016.09.30-12.10.05:845][455]LogModuleManager: Shutting down and abandoning module TextureFormatUncompressed (56)
[2016.09.30-12.10.05:845][455]LogModuleManager: Shutting down and abandoning module TextureFormatPVR (55)
[2016.09.30-12.10.05:845][455]LogModuleManager: Shutting down and abandoning module TextureFormatDXT (54)
[2016.09.30-12.10.05:845][455]LogModuleManager: Shutting down and abandoning module TextureFormatIntelISPCTexComp (53)
[2016.09.30-12.10.05:845][455]LogModuleManager: Shutting down and abandoning module ImageWrapper (52)
[2016.09.30-12.10.05:845][455]LogModuleManager: Shutting down and abandoning module TextureFormatASTC (51)
[2016.09.30-12.10.05:845][455]LogModuleManager: Shutting down and abandoning module TextureFormatAndroid (50)
[2016.09.30-12.10.05:845][455]LogModuleManager: Shutting down and abandoning module AudioFormatOpus (49)
[2016.09.30-12.10.05:845][455]LogModuleManager: Shutting down and abandoning module AudioFormatOgg (48)
[2016.09.30-12.10.05:845][455]LogModuleManager: Shutting down and abandoning module AudioFormatADPCM (47)
[2016.09.30-12.10.05:845][455]LogModuleManager: Shutting down and abandoning module LinuxTargetPlatform (46)
[2016.09.30-12.10.05:845][455]LogModuleManager: Shutting down and abandoning module LinuxServerTargetPlatform (45)
[2016.09.30-12.10.05:845][455]LogModuleManager: Shutting down and abandoning module LinuxNoEditorTargetPlatform (44)
[2016.09.30-12.10.05:845][455]LogModuleManager: Shutting down and abandoning module LinuxClientTargetPlatform (43)
[2016.09.30-12.10.05:845][455]LogModuleManager: Shutting down and abandoning module TVOSTargetPlatform (42)
[2016.09.30-12.10.05:845][455]LogModuleManager: Shutting down and abandoning module Messaging (41)
[2016.09.30-12.10.05:845][455]LogModuleManager: Shutting down and abandoning module IOSTargetPlatform (40)
[2016.09.30-12.10.05:845][455]LogModuleManager: Shutting down and abandoning module HTML5TargetPlatform (39)
[2016.09.30-12.10.05:846][455]LogModuleManager: Shutting down and abandoning module Android_PVRTCTargetPlatform (38)
[2016.09.30-12.10.05:846][455]LogModuleManager: Shutting down and abandoning module Android_MultiTargetPlatform (37)
[2016.09.30-12.10.05:846][455]LogModuleManager: Shutting down and abandoning module Android_ETC2TargetPlatform (36)
[2016.09.30-12.10.05:846][455]LogModuleManager: Shutting down and abandoning module Android_ETC1TargetPlatform (35)
[2016.09.30-12.10.05:846][455]LogModuleManager: Shutting down and abandoning module Android_DXTTargetPlatform (34)
[2016.09.30-12.10.05:846][455]LogModuleManager: Shutting down and abandoning module Android_ATCTargetPlatform (33)
[2016.09.30-12.10.05:846][455]LogModuleManager: Shutting down and abandoning module Android_ASTCTargetPlatform (32)
[2016.09.30-12.10.05:846][455]LogModuleManager: Shutting down and abandoning module AndroidTargetPlatform (31)
[2016.09.30-12.10.05:846][455]LogModuleManager: Shutting down and abandoning module WindowsTargetPlatform (30)
[2016.09.30-12.10.05:846][455]LogModuleManager: Shutting down and abandoning module WindowsServerTargetPlatform (29)
[2016.09.30-12.10.05:846][455]LogModuleManager: Shutting down and abandoning module WindowsNoEditorTargetPlatform (28)
[2016.09.30-12.10.05:846][455]LogModuleManager: Shutting down and abandoning module WindowsClientTargetPlatform (27)
[2016.09.30-12.10.05:846][455]LogModuleManager: Shutting down and abandoning module AllDesktopTargetPlatform (26)
[2016.09.30-12.10.05:846][455]LogModuleManager: Shutting down and abandoning module TargetPlatform (25)
[2016.09.30-12.10.05:846][455]LogModuleManager: Shutting down and abandoning module InputCore (24)
[2016.09.30-12.10.05:846][455]LogModuleManager: Shutting down and abandoning module Settings (23)
[2016.09.30-12.10.05:846][455]LogModuleManager: Shutting down and abandoning module OculusRift (22)
[2016.09.30-12.10.05:846][455]LogModuleManager: Shutting down and abandoning module GearVR (21)
[2016.09.30-12.10.05:846][455]LogModuleManager: Shutting down and abandoning module ExampleDeviceProfileSelector (20)
[2016.09.30-12.10.05:846][455]LogModuleManager: Shutting down and abandoning module OnlineBlueprintSupport (19)
[2016.09.30-12.10.05:846][455]LogModuleManager: Shutting down and abandoning module OnlineSubsystem (17)
[2016.09.30-12.10.05:846][455]LogOnline:Display: Unloading online subsystem: NULL
[2016.09.30-12.10.05:846][455]LogModuleManager: Shutting down and abandoning module HTTP (16)
[2016.09.30-12.10.05:846][455]LogHttp:Display: Http module shutting down, but needs to wait on 1 outstanding Http requests:
[2016.09.30-12.10.05:846][455]LogHttp:Display: 	verb=[POST] url=[https://datarouter.ol.epicgames.com/datarouter/api/v1/public/data?SessionID=%7BF4274C7C-41CE-CF84-488B-D9A11BE2F427%7D&AppID=UEEditor.Rocket.Release&AppVersion=4.13.1-3142249%2B%2B%2BUE4%2BRelease-4.13&UserID=cb9ce5cf46f2d9c63e231c850e541c0e%7Cdbc70700b11249bf84ec5c865bd3dd13%7Caf7355fc-18de-460c-895b-5b268085edba&AppEnvironment=datacollector-binary&UploadType=eteventstream] status=Processing
[2016.09.30-12.10.05:852][455]LogModuleManager: Shutting down and abandoning module XMPP (15)
[2016.09.30-12.10.05:852][455]LogModuleManager: Shutting down and abandoning module TextureCompressor (14)
[2016.09.30-12.10.05:852][455]LogModuleManager: Shutting down and abandoning module ShaderCore (13)
[2016.09.30-12.10.05:852][455]LogModuleManager: Shutting down and abandoning module Landscape (12)
[2016.09.30-12.10.05:852][455]LogModuleManager: Shutting down and abandoning module SlateRHIRenderer (11)
[2016.09.30-12.10.05:853][455]LogModuleManager: Shutting down and abandoning module OpenGLDrv (10)
[2016.09.30-12.10.05:853][455]LogModuleManager: Shutting down and abandoning module D3D11RHI (9)
[2016.09.30-12.10.05:853][455]LogModuleManager: Shutting down and abandoning module AnimGraphRuntime (8)
[2016.09.30-12.10.05:853][455]LogModuleManager: Shutting down and abandoning module Renderer (7)
[2016.09.30-12.10.05:853][455]LogModuleManager: Shutting down and abandoning module Engine (6)
[2016.09.30-12.10.05:853][455]LogModuleManager: Shutting down and abandoning module CoreUObject (5)
[2016.09.30-12.10.05:853][455]LogModuleManager: Shutting down and abandoning module NetworkFile (4)
[2016.09.30-12.10.05:853][455]LogModuleManager: Shutting down and abandoning module StreamingFile (3)
[2016.09.30-12.10.05:853][455]LogModuleManager: Shutting down and abandoning module SandboxFile (2)
[2016.09.30-12.10.05:853][455]LogModuleManager: Shutting down and abandoning module PakFile (1)
[2016.09.30-12.10.05:857][455]LogExit: Exiting.
[2016.09.30-12.10.05:860][455]Log file closed, 09/30/16 14:10:05
